#
# There is insufficient memory for the Java Runtime Environment to continue.
# Native memory allocation (malloc) failed to allocate 749248 bytes for Chunk::new
# Possible reasons:
#   The system is out of physical RAM or swap space
#   The process is running with CompressedOops enabled, and the Java Heap may be blocking the growth of the native heap
# Possible solutions:
#   Reduce memory load on the system
#   Increase physical memory or swap space
#   Check if swap backing store is full
#   Decrease Java heap size (-Xmx/-Xms)
#   Decrease number of Java threads
#   Decrease Java thread stack sizes (-Xss)
#   Set larger code cache with -XX:ReservedCodeCacheSize=
#   JVM is running with Unscaled Compressed Oops mode in which the Java heap is
#     placed in the first 4GB address space. The Java Heap base address is the
#     maximum limit for the native heap growth. Please use -XX:HeapBaseMinAddress
#     to set the Java Heap base and to place the Java Heap above 4GB virtual address.
# This output file may be truncated or incomplete.
#
#  Out of Memory Error (arena.cpp:189), pid=8616, tid=11316
#
# JRE version: Java(TM) SE Runtime Environment (17.0.2+8) (build 17.0.2+8-LTS-86)
# Java VM: Java HotSpot(TM) 64-Bit Server VM (17.0.2+8-LTS-86, mixed mode, sharing, tiered, compressed oops, compressed class ptrs, g1 gc, windows-amd64)
# No core dump will be written. Minidumps are not enabled by default on client versions of Windows
#

---------------  S U M M A R Y ------------

Command Line: -ea -Dallure.result.directory=target/allure-results -javaagent:C:\Users\elvin\.m2\repository/org/aspectj/aspectjweaver/1.9.7/aspectjweaver-1.9.7.jar -Didea.test.cyclic.buffer.size=1048576 -javaagent:C:\Program Files\JetBrains\IntelliJ IDEA Community Edition 2021.3.1\lib\idea_rt.jar=65310:C:\Program Files\JetBrains\IntelliJ IDEA Community Edition 2021.3.1\bin -Dfile.encoding=UTF-8 com.intellij.rt.junit.JUnitStarter -ideVersion5 -junit4 tests.OrderCreditCardTest

Host: Intel(R) Core(TM) i3-3217U CPU @ 1.80GHz, 4 cores, 3G,  Windows 10 , 64 bit Build 19041 (10.0.19041.1806)
Time: Mon Aug  8 17:32:33 2022 RTZ 2 (s 10 , 64 bit Build 19041 (10.0.19041.1806) elapsed time: 2.489644 seconds (0d 0h 0m 2s)

---------------  T H R E A D  ---------------

Current thread (0x000002237a3c85f0):  JavaThread "C2 CompilerThread0" daemon [_thread_in_native, id=11316, stack(0x0000006483900000,0x0000006483a00000)]


Current CompileTask:
C2:   2489  497       4       java.util.jar.JarFile::getEntry (35 bytes)

Stack: [0x0000006483900000,0x0000006483a00000]
Native frames: (J=compiled Java code, j=interpreted, Vv=VM code, C=native code)
V  [jvm.dll+0x670baa]
V  [jvm.dll+0x7cfcb4]
V  [jvm.dll+0x7d145e]
V  [jvm.dll+0x7d1ac3]
V  [jvm.dll+0x242bc5]
V  [jvm.dll+0xaa57b]
V  [jvm.dll+0xaab0c]
V  [jvm.dll+0x35fd07]
V  [jvm.dll+0x32a331]
V  [jvm.dll+0x3297da]
V  [jvm.dll+0x215c91]
V  [jvm.dll+0x2150b1]
V  [jvm.dll+0x1a1bbd]
V  [jvm.dll+0x224908]
V  [jvm.dll+0x222a6c]
V  [jvm.dll+0x7859bb]
V  [jvm.dll+0x77ff7a]
V  [jvm.dll+0x66fa35]
C  [ucrtbase.dll+0x21bb2]
C  [KERNEL32.DLL+0x17034]
C  [ntdll.dll+0x52651]


---------------  P R O C E S S  ---------------

Threads class SMR info:
_java_thread_list=0x000002237ee2c620, length=11, elements={
0x000002237a303520, 0x000002237a3adb50, 0x000002237a3ae9c0, 0x000002237a3c2730,
0x000002237a3c6500, 0x000002237a3c6eb0, 0x000002237a3c7860, 0x000002237a3c85f0,
0x000002237a3c9090, 0x000002237a3ceab0, 0x000002237a396360
}

Java Threads: ( => current thread )
  0x000002237a303520 JavaThread "main" [_thread_in_Java, id=4888, stack(0x0000006482c00000,0x0000006482d00000)]
  0x000002237a3adb50 JavaThread "Reference Handler" daemon [_thread_blocked, id=13356, stack(0x0000006483300000,0x0000006483400000)]
  0x000002237a3ae9c0 JavaThread "Finalizer" daemon [_thread_blocked, id=13864, stack(0x0000006483400000,0x0000006483500000)]
  0x000002237a3c2730 JavaThread "Signal Dispatcher" daemon [_thread_blocked, id=15848, stack(0x0000006483500000,0x0000006483600000)]
  0x000002237a3c6500 JavaThread "Attach Listener" daemon [_thread_blocked, id=9116, stack(0x0000006483600000,0x0000006483700000)]
  0x000002237a3c6eb0 JavaThread "Service Thread" daemon [_thread_blocked, id=10788, stack(0x0000006483700000,0x0000006483800000)]
  0x000002237a3c7860 JavaThread "Monitor Deflation Thread" daemon [_thread_blocked, id=10716, stack(0x0000006483800000,0x0000006483900000)]
=>0x000002237a3c85f0 JavaThread "C2 CompilerThread0" daemon [_thread_in_native, id=11316, stack(0x0000006483900000,0x0000006483a00000)]
  0x000002237a3c9090 JavaThread "C1 CompilerThread0" daemon [_thread_blocked, id=11944, stack(0x0000006483a00000,0x0000006483b00000)]
  0x000002237a3ceab0 JavaThread "Sweeper thread" daemon [_thread_blocked, id=14756, stack(0x0000006483b00000,0x0000006483c00000)]
  0x000002237a396360 JavaThread "Common-Cleaner" daemon [_thread_blocked, id=4448, stack(0x0000006483c00000,0x0000006483d00000)]

Other Threads:
  0x000002237a3a8690 VMThread "VM Thread" [stack: 0x0000006483200000,0x0000006483300000] [id=5212]
  0x000002237a3310c0 GCTaskThread "GC Thread#0" [stack: 0x0000006482d00000,0x0000006482e00000] [id=13808]
  0x000002237a339c80 ConcurrentGCThread "G1 Main Marker" [stack: 0x0000006482e00000,0x0000006482f00000] [id=2244]
  0x000002237a33a690 ConcurrentGCThread "G1 Conc#0" [stack: 0x0000006482f00000,0x0000006483000000] [id=15216]
  0x000002237a383770 ConcurrentGCThread "G1 Refine#0" [stack: 0x0000006483000000,0x0000006483100000] [id=15336]
  0x000002237a3851a0 ConcurrentGCThread "G1 Service" [stack: 0x0000006483100000,0x0000006483200000] [id=8208]

Threads with active compile tasks:
C2 CompilerThread0     2560  497       4       java.util.jar.JarFile::getEntry (35 bytes)

VM state: not at safepoint (normal execution)

VM Mutex/Monitor currently owned by a thread: None

Heap address: 0x00000000c1c00000, size: 996 MB, Compressed Oops mode: 32-bit

CDS archive(s) mapped at: [0x0000000800000000-0x0000000800bc0000-0x0000000800bc0000), size 12320768, SharedBaseAddress: 0x0000000800000000, ArchiveRelocationMode: 0.
Compressed class space mapped at: 0x0000000800c00000-0x0000000840c00000, reserved size: 1073741824
Narrow klass base: 0x0000000800000000, Narrow klass shift: 0, Narrow klass range: 0x100000000

GC Precious Log:
 CPUs: 4 total, 4 available
 Memory: 3981M
 Large Page Support: Disabled
 NUMA Support: Disabled
 Compressed Oops: Enabled (32-bit)
 Heap Region Size: 1M
 Heap Min Capacity: 8M
 Heap Initial Capacity: 64M
 Heap Max Capacity: 996M
 Pre-touch: Disabled
 Parallel Workers: 4
 Concurrent Workers: 1
 Concurrent Refinement Workers: 4
 Periodic GC: Disabled

Heap:
 garbage-first heap   total 65536K, used 9216K [0x00000000c1c00000, 0x0000000100000000)
  region size 1024K, 11 young (11264K), 0 survivors (0K)
 Metaspace       used 1573K, committed 1728K, reserved 1056768K
  class space    used 112K, committed 192K, reserved 1048576K

Heap Regions: E=young(eden), S=young(survivor), O=old, HS=humongous(starts), HC=humongous(continues), CS=collection set, F=free, OA=open archive, CA=closed archive, TAMS=top-at-mark-start (previous, next)
|   0|0x00000000c1c00000, 0x00000000c1c00000, 0x00000000c1d00000|  0%| F|  |TAMS 0x00000000c1c00000, 0x00000000c1c00000| Untracked 
|   1|0x00000000c1d00000, 0x00000000c1d00000, 0x00000000c1e00000|  0%| F|  |TAMS 0x00000000c1d00000, 0x00000000c1d00000| Untracked 
|   2|0x00000000c1e00000, 0x00000000c1e00000, 0x00000000c1f00000|  0%| F|  |TAMS 0x00000000c1e00000, 0x00000000c1e00000| Untracked 
|   3|0x00000000c1f00000, 0x00000000c1f00000, 0x00000000c2000000|  0%| F|  |TAMS 0x00000000c1f00000, 0x00000000c1f00000| Untracked 
|   4|0x00000000c2000000, 0x00000000c2000000, 0x00000000c2100000|  0%| F|  |TAMS 0x00000000c2000000, 0x00000000c2000000| Untracked 
|   5|0x00000000c2100000, 0x00000000c2100000, 0x00000000c2200000|  0%| F|  |TAMS 0x00000000c2100000, 0x00000000c2100000| Untracked 
|   6|0x00000000c2200000, 0x00000000c2200000, 0x00000000c2300000|  0%| F|  |TAMS 0x00000000c2200000, 0x00000000c2200000| Untracked 
|   7|0x00000000c2300000, 0x00000000c2300000, 0x00000000c2400000|  0%| F|  |TAMS 0x00000000c2300000, 0x00000000c2300000| Untracked 
|   8|0x00000000c2400000, 0x00000000c2400000, 0x00000000c2500000|  0%| F|  |TAMS 0x00000000c2400000, 0x00000000c2400000| Untracked 
|   9|0x00000000c2500000, 0x00000000c2500000, 0x00000000c2600000|  0%| F|  |TAMS 0x00000000c2500000, 0x00000000c2500000| Untracked 
|  10|0x00000000c2600000, 0x00000000c2600000, 0x00000000c2700000|  0%| F|  |TAMS 0x00000000c2600000, 0x00000000c2600000| Untracked 
|  11|0x00000000c2700000, 0x00000000c2700000, 0x00000000c2800000|  0%| F|  |TAMS 0x00000000c2700000, 0x00000000c2700000| Untracked 
|  12|0x00000000c2800000, 0x00000000c2800000, 0x00000000c2900000|  0%| F|  |TAMS 0x00000000c2800000, 0x00000000c2800000| Untracked 
|  13|0x00000000c2900000, 0x00000000c2900000, 0x00000000c2a00000|  0%| F|  |TAMS 0x00000000c2900000, 0x00000000c2900000| Untracked 
|  14|0x00000000c2a00000, 0x00000000c2a00000, 0x00000000c2b00000|  0%| F|  |TAMS 0x00000000c2a00000, 0x00000000c2a00000| Untracked 
|  15|0x00000000c2b00000, 0x00000000c2b00000, 0x00000000c2c00000|  0%| F|  |TAMS 0x00000000c2b00000, 0x00000000c2b00000| Untracked 
|  16|0x00000000c2c00000, 0x00000000c2c00000, 0x00000000c2d00000|  0%| F|  |TAMS 0x00000000c2c00000, 0x00000000c2c00000| Untracked 
|  17|0x00000000c2d00000, 0x00000000c2d00000, 0x00000000c2e00000|  0%| F|  |TAMS 0x00000000c2d00000, 0x00000000c2d00000| Untracked 
|  18|0x00000000c2e00000, 0x00000000c2e00000, 0x00000000c2f00000|  0%| F|  |TAMS 0x00000000c2e00000, 0x00000000c2e00000| Untracked 
|  19|0x00000000c2f00000, 0x00000000c2f00000, 0x00000000c3000000|  0%| F|  |TAMS 0x00000000c2f00000, 0x00000000c2f00000| Untracked 
|  20|0x00000000c3000000, 0x00000000c3000000, 0x00000000c3100000|  0%| F|  |TAMS 0x00000000c3000000, 0x00000000c3000000| Untracked 
|  21|0x00000000c3100000, 0x00000000c3100000, 0x00000000c3200000|  0%| F|  |TAMS 0x00000000c3100000, 0x00000000c3100000| Untracked 
|  22|0x00000000c3200000, 0x00000000c3200000, 0x00000000c3300000|  0%| F|  |TAMS 0x00000000c3200000, 0x00000000c3200000| Untracked 
|  23|0x00000000c3300000, 0x00000000c3300000, 0x00000000c3400000|  0%| F|  |TAMS 0x00000000c3300000, 0x00000000c3300000| Untracked 
|  24|0x00000000c3400000, 0x00000000c3400000, 0x00000000c3500000|  0%| F|  |TAMS 0x00000000c3400000, 0x00000000c3400000| Untracked 
|  25|0x00000000c3500000, 0x00000000c3500000, 0x00000000c3600000|  0%| F|  |TAMS 0x00000000c3500000, 0x00000000c3500000| Untracked 
|  26|0x00000000c3600000, 0x00000000c3600000, 0x00000000c3700000|  0%| F|  |TAMS 0x00000000c3600000, 0x00000000c3600000| Untracked 
|  27|0x00000000c3700000, 0x00000000c3700000, 0x00000000c3800000|  0%| F|  |TAMS 0x00000000c3700000, 0x00000000c3700000| Untracked 
|  28|0x00000000c3800000, 0x00000000c3800000, 0x00000000c3900000|  0%| F|  |TAMS 0x00000000c3800000, 0x00000000c3800000| Untracked 
|  29|0x00000000c3900000, 0x00000000c3900000, 0x00000000c3a00000|  0%| F|  |TAMS 0x00000000c3900000, 0x00000000c3900000| Untracked 
|  30|0x00000000c3a00000, 0x00000000c3a00000, 0x00000000c3b00000|  0%| F|  |TAMS 0x00000000c3a00000, 0x00000000c3a00000| Untracked 
|  31|0x00000000c3b00000, 0x00000000c3b00000, 0x00000000c3c00000|  0%| F|  |TAMS 0x00000000c3b00000, 0x00000000c3b00000| Untracked 
|  32|0x00000000c3c00000, 0x00000000c3c00000, 0x00000000c3d00000|  0%| F|  |TAMS 0x00000000c3c00000, 0x00000000c3c00000| Untracked 
|  33|0x00000000c3d00000, 0x00000000c3d00000, 0x00000000c3e00000|  0%| F|  |TAMS 0x00000000c3d00000, 0x00000000c3d00000| Untracked 
|  34|0x00000000c3e00000, 0x00000000c3e00000, 0x00000000c3f00000|  0%| F|  |TAMS 0x00000000c3e00000, 0x00000000c3e00000| Untracked 
|  35|0x00000000c3f00000, 0x00000000c3f00000, 0x00000000c4000000|  0%| F|  |TAMS 0x00000000c3f00000, 0x00000000c3f00000| Untracked 
|  36|0x00000000c4000000, 0x00000000c4000000, 0x00000000c4100000|  0%| F|  |TAMS 0x00000000c4000000, 0x00000000c4000000| Untracked 
|  37|0x00000000c4100000, 0x00000000c4100000, 0x00000000c4200000|  0%| F|  |TAMS 0x00000000c4100000, 0x00000000c4100000| Untracked 
|  38|0x00000000c4200000, 0x00000000c4200000, 0x00000000c4300000|  0%| F|  |TAMS 0x00000000c4200000, 0x00000000c4200000| Untracked 
|  39|0x00000000c4300000, 0x00000000c4300000, 0x00000000c4400000|  0%| F|  |TAMS 0x00000000c4300000, 0x00000000c4300000| Untracked 
|  40|0x00000000c4400000, 0x00000000c4400000, 0x00000000c4500000|  0%| F|  |TAMS 0x00000000c4400000, 0x00000000c4400000| Untracked 
|  41|0x00000000c4500000, 0x00000000c4500000, 0x00000000c4600000|  0%| F|  |TAMS 0x00000000c4500000, 0x00000000c4500000| Untracked 
|  42|0x00000000c4600000, 0x00000000c4600000, 0x00000000c4700000|  0%| F|  |TAMS 0x00000000c4600000, 0x00000000c4600000| Untracked 
|  43|0x00000000c4700000, 0x00000000c4700000, 0x00000000c4800000|  0%| F|  |TAMS 0x00000000c4700000, 0x00000000c4700000| Untracked 
|  44|0x00000000c4800000, 0x00000000c4800000, 0x00000000c4900000|  0%| F|  |TAMS 0x00000000c4800000, 0x00000000c4800000| Untracked 
|  45|0x00000000c4900000, 0x00000000c4900000, 0x00000000c4a00000|  0%| F|  |TAMS 0x00000000c4900000, 0x00000000c4900000| Untracked 
|  46|0x00000000c4a00000, 0x00000000c4a00000, 0x00000000c4b00000|  0%| F|  |TAMS 0x00000000c4a00000, 0x00000000c4a00000| Untracked 
|  47|0x00000000c4b00000, 0x00000000c4b00000, 0x00000000c4c00000|  0%| F|  |TAMS 0x00000000c4b00000, 0x00000000c4b00000| Untracked 
|  48|0x00000000c4c00000, 0x00000000c4c00000, 0x00000000c4d00000|  0%| F|  |TAMS 0x00000000c4c00000, 0x00000000c4c00000| Untracked 
|  49|0x00000000c4d00000, 0x00000000c4d00000, 0x00000000c4e00000|  0%| F|  |TAMS 0x00000000c4d00000, 0x00000000c4d00000| Untracked 
|  50|0x00000000c4e00000, 0x00000000c4e00000, 0x00000000c4f00000|  0%| F|  |TAMS 0x00000000c4e00000, 0x00000000c4e00000| Untracked 
|  51|0x00000000c4f00000, 0x00000000c4f00000, 0x00000000c5000000|  0%| F|  |TAMS 0x00000000c4f00000, 0x00000000c4f00000| Untracked 
|  52|0x00000000c5000000, 0x00000000c5000000, 0x00000000c5100000|  0%| F|  |TAMS 0x00000000c5000000, 0x00000000c5000000| Untracked 
|  53|0x00000000c5100000, 0x00000000c5185ad8, 0x00000000c5200000| 52%| E|  |TAMS 0x00000000c5100000, 0x00000000c5100000| Complete 
|  54|0x00000000c5200000, 0x00000000c5300000, 0x00000000c5300000|100%| E|CS|TAMS 0x00000000c5200000, 0x00000000c5200000| Complete 
|  55|0x00000000c5300000, 0x00000000c5400000, 0x00000000c5400000|100%| E|CS|TAMS 0x00000000c5300000, 0x00000000c5300000| Complete 
|  56|0x00000000c5400000, 0x00000000c5500000, 0x00000000c5500000|100%| E|CS|TAMS 0x00000000c5400000, 0x00000000c5400000| Complete 
|  57|0x00000000c5500000, 0x00000000c5600000, 0x00000000c5600000|100%| E|CS|TAMS 0x00000000c5500000, 0x00000000c5500000| Complete 
|  58|0x00000000c5600000, 0x00000000c5700000, 0x00000000c5700000|100%| E|  |TAMS 0x00000000c5600000, 0x00000000c5600000| Complete 
|  59|0x00000000c5700000, 0x00000000c5800000, 0x00000000c5800000|100%| E|CS|TAMS 0x00000000c5700000, 0x00000000c5700000| Complete 
|  60|0x00000000c5800000, 0x00000000c5900000, 0x00000000c5900000|100%| E|CS|TAMS 0x00000000c5800000, 0x00000000c5800000| Complete 
|  61|0x00000000c5900000, 0x00000000c5a00000, 0x00000000c5a00000|100%| E|CS|TAMS 0x00000000c5900000, 0x00000000c5900000| Complete 
|  62|0x00000000c5a00000, 0x00000000c5b00000, 0x00000000c5b00000|100%| E|CS|TAMS 0x00000000c5a00000, 0x00000000c5a00000| Complete 
|  63|0x00000000c5b00000, 0x00000000c5c00000, 0x00000000c5c00000|100%| E|CS|TAMS 0x00000000c5b00000, 0x00000000c5b00000| Complete 

Card table byte_map: [0x000002237a5d0000,0x000002237a7d0000] _byte_map_base: 0x0000022379fc2000

Marking Bits (Prev, Next): (CMBitMap*) 0x000002237a3316d0, (CMBitMap*) 0x000002237a331710
 Prev Bits: [0x000002237a9d0000, 0x000002237b960000)
 Next Bits: [0x000002237b960000, 0x000002237c8f0000)

Polling page: 0x0000022378240000

Metaspace:

Usage:
  Non-class:      1.43 MB used.
      Class:    112.33 KB used.
       Both:      1.54 MB used.

Virtual space:
  Non-class space:        8.00 MB reserved,       1.50 MB ( 19%) committed,  1 nodes.
      Class space:        1.00 GB reserved,     192.00 KB ( <1%) committed,  1 nodes.
             Both:        1.01 GB reserved,       1.69 MB ( <1%) committed. 

Chunk freelists:
   Non-Class:  3.52 MB
       Class:  3.69 MB
        Both:  7.20 MB

MaxMetaspaceSize: unlimited
CompressedClassSpaceSize: 1.00 GB
Initial GC threshold: 21.00 MB
Current GC threshold: 21.00 MB
CDS: on
MetaspaceReclaimPolicy: balanced
 - commit_granule_bytes: 65536.
 - commit_granule_words: 8192.
 - virtual_space_node_default_size: 1048576.
 - enlarge_chunks_in_place: 1.
 - new_chunks_are_fully_committed: 0.
 - uncommit_free_chunks: 1.
 - use_allocation_guard: 0.
 - handle_deallocations: 1.


Internal statistics:

num_allocs_failed_limit: 0.
num_arena_births: 24.
num_arena_deaths: 0.
num_vsnodes_births: 2.
num_vsnodes_deaths: 0.
num_space_committed: 27.
num_space_uncommitted: 0.
num_chunks_returned_to_freelist: 0.
num_chunks_taken_from_freelist: 53.
num_chunk_merges: 0.
num_chunk_splits: 36.
num_chunks_enlarged: 25.
num_purges: 0.
num_inconsistent_stats: 0.

CodeHeap 'non-profiled nmethods': size=120000Kb used=176Kb max_used=176Kb free=119823Kb
 bounds [0x000002230f250000, 0x000002230f4c0000, 0x0000022316780000]
CodeHeap 'profiled nmethods': size=120000Kb used=976Kb max_used=976Kb free=119023Kb
 bounds [0x0000022307d20000, 0x0000022307f90000, 0x000002230f250000]
CodeHeap 'non-nmethods': size=5760Kb used=1103Kb max_used=1114Kb free=4656Kb
 bounds [0x0000022307780000, 0x00000223079f0000, 0x0000022307d20000]
 total_blobs=947 nmethods=568 adapters=292
 compilation: enabled
              stopped_count=0, restarted_count=0
 full_count=0

Compilation events (20 events):
Event: 2.462 Thread 0x000002237a3c9090  524       3       jdk.internal.jimage.ImageReader::requireOpen (18 bytes)
Event: 2.462 Thread 0x000002237a3c9090 nmethod 524 0x0000022307dfc490 code [0x0000022307dfc640, 0x0000022307dfc808]
Event: 2.462 Thread 0x000002237a3c9090  526       3       java.nio.DirectIntBufferU::ix (10 bytes)
Event: 2.462 Thread 0x000002237a3c9090 nmethod 526 0x0000022307dfc910 code [0x0000022307dfcaa0, 0x0000022307dfcbb8]
Event: 2.463 Thread 0x000002237a3c9090  525       3       jdk.internal.jimage.ImageStringsReader::hashCode (33 bytes)
Event: 2.463 Thread 0x000002237a3c9090 nmethod 525 0x0000022307dfcc90 code [0x0000022307dfce40, 0x0000022307dfcfb8]
Event: 2.463 Thread 0x000002237a3c9090  527       3       jdk.internal.org.objectweb.asm.ByteVector::putUTF8 (144 bytes)
Event: 2.465 Thread 0x000002237a3c9090 nmethod 527 0x0000022307dfd090 code [0x0000022307dfd300, 0x0000022307dfde08]
Event: 2.466 Thread 0x000002237a3c9090  529       3       java.util.concurrent.ConcurrentHashMap$Traverser::advance (188 bytes)
Event: 2.467 Thread 0x000002237a3c9090 nmethod 529 0x0000022307dfe310 code [0x0000022307dfe560, 0x0000022307dff148]
Event: 2.467 Thread 0x000002237a3c9090  528       3       jdk.internal.org.objectweb.asm.SymbolTable::get (13 bytes)
Event: 2.467 Thread 0x000002237a3c9090 nmethod 528 0x0000022307dff410 code [0x0000022307dff5a0, 0x0000022307dff6f8]
Event: 2.467 Thread 0x000002237a3c9090  530       3       sun.invoke.util.VerifyAccess::isTypeVisible (118 bytes)
Event: 2.473 Thread 0x000002237a3c9090 nmethod 530 0x0000022307dff810 code [0x0000022307dffc20, 0x0000022307e01c78]
Event: 2.473 Thread 0x000002237a3c9090  532       3       java.lang.StringBuilder::<init> (6 bytes)
Event: 2.473 Thread 0x000002237a3c9090 nmethod 532 0x0000022307e02610 code [0x0000022307e027a0, 0x0000022307e028e8]
Event: 2.473 Thread 0x000002237a3c9090  531       1       java.lang.invoke.MethodHandles$Lookup::lookupClass (5 bytes)
Event: 2.473 Thread 0x000002237a3c9090 nmethod 531 0x000002230f277d90 code [0x000002230f277f20, 0x000002230f277ff8]
Event: 2.473 Thread 0x000002237a3c9090  533       1       java.lang.invoke.MethodTypeForm::erasedType (5 bytes)
Event: 2.474 Thread 0x000002237a3c9090 nmethod 533 0x000002230f278090 code [0x000002230f278220, 0x000002230f2782f8]

GC Heap History (0 events):
No events

Deoptimization events (20 events):
Event: 1.241 Thread 0x000002237a303520 DEOPT PACKING pc=0x000002230f2512f4 sp=0x0000006482cfe6c0
Event: 1.241 Thread 0x000002237a303520 DEOPT UNPACKING pc=0x00000223077d23a3 sp=0x0000006482cfe600 mode 2
Event: 1.422 Thread 0x000002237a303520 DEOPT PACKING pc=0x0000022307d2a2e7 sp=0x0000006482cfdb50
Event: 1.422 Thread 0x000002237a303520 DEOPT UNPACKING pc=0x00000223077d2b43 sp=0x0000006482cfcf70 mode 0
Event: 1.479 Thread 0x000002237a303520 Uncommon trap: trap_request=0xffffff45 fr.pc=0x000002230f25cd98 relative=0x00000000000006b8
Event: 1.479 Thread 0x000002237a303520 Uncommon trap: reason=unstable_if action=reinterpret pc=0x000002230f25cd98 method=java.util.HashMap.putVal(ILjava/lang/Object;Ljava/lang/Object;ZZ)Ljava/lang/Object; @ 181 c2
Event: 1.480 Thread 0x000002237a303520 DEOPT PACKING pc=0x000002230f25cd98 sp=0x0000006482cfe690
Event: 1.480 Thread 0x000002237a303520 DEOPT UNPACKING pc=0x00000223077d23a3 sp=0x0000006482cfe630 mode 2
Event: 1.682 Thread 0x000002237a303520 Uncommon trap: trap_request=0xffffff45 fr.pc=0x000002230f266314 relative=0x0000000000000174
Event: 1.682 Thread 0x000002237a303520 Uncommon trap: reason=unstable_if action=reinterpret pc=0x000002230f266314 method=java.util.zip.ZipFile$Source.isMetaName([BII)Z @ 43 c2
Event: 1.682 Thread 0x000002237a303520 DEOPT PACKING pc=0x000002230f266314 sp=0x0000006482cfdde0
Event: 1.683 Thread 0x000002237a303520 DEOPT UNPACKING pc=0x00000223077d23a3 sp=0x0000006482cfdd88 mode 2
Event: 1.899 Thread 0x000002237a303520 DEOPT PACKING pc=0x0000022307d79bb4 sp=0x0000006482cfdfe0
Event: 1.899 Thread 0x000002237a303520 DEOPT UNPACKING pc=0x00000223077d2b43 sp=0x0000006482cfd478 mode 0
Event: 2.098 Thread 0x000002237a303520 DEOPT PACKING pc=0x0000022307d62d56 sp=0x0000006482cfc040
Event: 2.098 Thread 0x000002237a303520 DEOPT UNPACKING pc=0x00000223077d2b43 sp=0x0000006482cfb4e0 mode 0
Event: 2.334 Thread 0x000002237a303520 Uncommon trap: trap_request=0xffffff45 fr.pc=0x000002230f263564 relative=0x0000000000000064
Event: 2.334 Thread 0x000002237a303520 Uncommon trap: reason=unstable_if action=reinterpret pc=0x000002230f263564 method=java.io.WinNTFileSystem.isSlash(C)Z @ 9 c2
Event: 2.334 Thread 0x000002237a303520 DEOPT PACKING pc=0x000002230f263564 sp=0x0000006482cfbc20
Event: 2.334 Thread 0x000002237a303520 DEOPT UNPACKING pc=0x00000223077d23a3 sp=0x0000006482cfbba8 mode 2

Classes unloaded (0 events):
No events

Classes redefined (0 events):
No events

Internal exceptions (0 events):
No events

VM Operations (6 events):
Event: 1.094 Executing VM operation: HandshakeAllThreads
Event: 1.094 Executing VM operation: HandshakeAllThreads done
Event: 2.107 Executing VM operation: Cleanup
Event: 2.109 Executing VM operation: Cleanup done
Event: 2.334 Executing VM operation: HandshakeAllThreads
Event: 2.334 Executing VM operation: HandshakeAllThreads done

Events (20 events):
Event: 2.446 loading class org/xml/sax/EntityResolver
Event: 2.446 loading class org/xml/sax/EntityResolver done
Event: 2.446 loading class org/xml/sax/DTDHandler
Event: 2.446 loading class org/xml/sax/DTDHandler done
Event: 2.446 loading class org/xml/sax/ContentHandler
Event: 2.446 loading class org/xml/sax/ContentHandler done
Event: 2.446 loading class org/xml/sax/ErrorHandler
Event: 2.447 loading class org/xml/sax/ErrorHandler done
Event: 2.447 loading class org/xml/sax/helpers/DefaultHandler done
Event: 2.447 loading class org/xml/sax/SAXException
Event: 2.448 loading class org/xml/sax/SAXException done
Event: 2.451 loading class org/xml/sax/helpers/XMLReaderFactory
Event: 2.452 loading class org/xml/sax/helpers/XMLReaderFactory done
Event: 2.452 loading class jdk/xml/internal/SecuritySupport
Event: 2.452 loading class jdk/xml/internal/SecuritySupport done
Event: 2.458 loading class org/xml/sax/XMLReader
Event: 2.459 loading class org/xml/sax/XMLReader done
Event: 2.468 loading class com/sun/org/apache/xerces/internal/parsers/SAXParser
Event: 2.469 loading class com/sun/org/apache/xerces/internal/parsers/AbstractSAXParser
Event: 2.470 loading class com/sun/org/apache/xerces/internal/xs/PSVIProvider


Dynamic libraries:
0x00007ff6ddb80000 - 0x00007ff6ddb90000 	C:\Program Files\Java\jdk-17.0.2\bin\java.exe
0x00007ffe852f0000 - 0x00007ffe854e8000 	C:\Windows\SYSTEM32\ntdll.dll
0x00007ffe85110000 - 0x00007ffe851cd000 	C:\Windows\System32\KERNEL32.DLL
0x00007ffe82a50000 - 0x00007ffe82d1e000 	C:\Windows\System32\KERNELBASE.dll
0x00007ffe7c7b0000 - 0x00007ffe7c7c8000 	C:\Program Files\Java\jdk-17.0.2\bin\jli.dll
0x00007ffe82d50000 - 0x00007ffe82e50000 	C:\Windows\System32\ucrtbase.dll
0x00007ffe7c790000 - 0x00007ffe7c7aa000 	C:\Program Files\Java\jdk-17.0.2\bin\VCRUNTIME140.dll
0x00007ffe833c0000 - 0x00007ffe8346e000 	C:\Windows\System32\ADVAPI32.dll
0x00007ffe83320000 - 0x00007ffe833be000 	C:\Windows\System32\msvcrt.dll
0x00007ffe83a70000 - 0x00007ffe83b0c000 	C:\Windows\System32\sechost.dll
0x00007ffe83620000 - 0x00007ffe83745000 	C:\Windows\System32\RPCRT4.dll
0x00007ffe838c0000 - 0x00007ffe83a60000 	C:\Windows\System32\USER32.dll
0x00007ffe82d20000 - 0x00007ffe82d42000 	C:\Windows\System32\win32u.dll
0x00007ffe84ed0000 - 0x00007ffe84efa000 	C:\Windows\System32\GDI32.dll
0x00007ffe83210000 - 0x00007ffe8331b000 	C:\Windows\System32\gdi32full.dll
0x00007ffe82e50000 - 0x00007ffe82eed000 	C:\Windows\System32\msvcp_win.dll
0x00007ffe781e0000 - 0x00007ffe781ea000 	C:\Windows\SYSTEM32\VERSION.dll
0x00007ffe74840000 - 0x00007ffe74ada000 	C:\Windows\WinSxS\amd64_microsoft.windows.common-controls_6595b64144ccf1df_6.0.19041.1110_none_60b5254171f9507e\COMCTL32.dll
0x00007ffe835f0000 - 0x00007ffe83620000 	C:\Windows\System32\IMM32.DLL
0x00007ffe7d0c0000 - 0x00007ffe7d0cc000 	C:\Program Files\Java\jdk-17.0.2\bin\vcruntime140_1.dll
0x00007ffe775c0000 - 0x00007ffe7764d000 	C:\Program Files\Java\jdk-17.0.2\bin\msvcp140.dll
0x00007ffe53300000 - 0x00007ffe53ec1000 	C:\Program Files\Java\jdk-17.0.2\bin\server\jvm.dll
0x00007ffe83b10000 - 0x00007ffe83b18000 	C:\Windows\System32\PSAPI.DLL
0x00007ffe697a0000 - 0x00007ffe697a9000 	C:\Windows\SYSTEM32\WSOCK32.dll
0x00007ffe83470000 - 0x00007ffe834db000 	C:\Windows\System32\WS2_32.dll
0x00007ffe80080000 - 0x00007ffe800a7000 	C:\Windows\SYSTEM32\WINMM.dll
0x00007ffe808a0000 - 0x00007ffe808b2000 	C:\Windows\SYSTEM32\kernel.appcore.dll
0x00007ffe7c7e0000 - 0x00007ffe7c7ea000 	C:\Program Files\Java\jdk-17.0.2\bin\jimage.dll
0x00007ffe6ff70000 - 0x00007ffe70154000 	C:\Windows\SYSTEM32\DBGHELP.DLL
0x00007ffe6fb70000 - 0x00007ffe6fb9c000 	C:\Windows\SYSTEM32\dbgcore.DLL
0x00007ffe82ef0000 - 0x00007ffe82f72000 	C:\Windows\System32\bcryptPrimitives.dll
0x00007ffe77ed0000 - 0x00007ffe77ede000 	C:\Program Files\Java\jdk-17.0.2\bin\instrument.dll
0x00007ffe7bb10000 - 0x00007ffe7bb35000 	C:\Program Files\Java\jdk-17.0.2\bin\java.dll
0x00007ffe5fe80000 - 0x00007ffe5ff56000 	C:\Program Files\Java\jdk-17.0.2\bin\jsvml.dll
0x00007ffe83b20000 - 0x00007ffe84264000 	C:\Windows\System32\SHELL32.dll
0x00007ffe80aa0000 - 0x00007ffe81234000 	C:\Windows\SYSTEM32\windows.storage.dll
0x00007ffe84510000 - 0x00007ffe84864000 	C:\Windows\System32\combase.dll
0x00007ffe82370000 - 0x00007ffe823a0000 	C:\Windows\SYSTEM32\Wldp.dll
0x00007ffe83540000 - 0x00007ffe835ed000 	C:\Windows\System32\SHCORE.dll
0x00007ffe834e0000 - 0x00007ffe83535000 	C:\Windows\System32\shlwapi.dll
0x00007ffe82920000 - 0x00007ffe8293f000 	C:\Windows\SYSTEM32\profapi.dll
0x00007ffe7a670000 - 0x00007ffe7a688000 	C:\Program Files\Java\jdk-17.0.2\bin\zip.dll
0x00007ffe7ad90000 - 0x00007ffe7ada9000 	C:\Program Files\Java\jdk-17.0.2\bin\net.dll
0x00007ffe75a90000 - 0x00007ffe75b9a000 	C:\Windows\SYSTEM32\WINHTTP.dll
0x00007ffe82090000 - 0x00007ffe820fa000 	C:\Windows\system32\mswsock.dll
0x00007ffe7ab20000 - 0x00007ffe7ab36000 	C:\Program Files\Java\jdk-17.0.2\bin\nio.dll

dbghelp: loaded successfully - version: 4.0.5 - missing functions: none
symbol engine: initialized successfully - sym options: 0x614 - pdb path: .;C:\Program Files\Java\jdk-17.0.2\bin;C:\Windows\SYSTEM32;C:\Windows\WinSxS\amd64_microsoft.windows.common-controls_6595b64144ccf1df_6.0.19041.1110_none_60b5254171f9507e;C:\Program Files\Java\jdk-17.0.2\bin\server

VM Arguments:
jvm_args: -ea -Dallure.result.directory=target/allure-results -javaagent:C:\Users\elvin\.m2\repository/org/aspectj/aspectjweaver/1.9.7/aspectjweaver-1.9.7.jar -Didea.test.cyclic.buffer.size=1048576 -javaagent:C:\Program Files\JetBrains\IntelliJ IDEA Community Edition 2021.3.1\lib\idea_rt.jar=65310:C:\Program Files\JetBrains\IntelliJ IDEA Community Edition 2021.3.1\bin -Dfile.encoding=UTF-8 
java_command: com.intellij.rt.junit.JUnitStarter -ideVersion5 -junit4 tests.OrderCreditCardTest
java_class_path (initial): C:\Program Files\JetBrains\IntelliJ IDEA Community Edition 2021.3.1\lib\idea_rt.jar;C:\Program Files\JetBrains\IntelliJ IDEA Community Edition 2021.3.1\plugins\junit\lib\junit5-rt.jar;C:\Program Files\JetBrains\IntelliJ IDEA Community Edition 2021.3.1\plugins\junit\lib\junit-rt.jar;C:\Users\elvin\finalTask\target\test-classes;C:\Users\elvin\finalTask\target\classes;C:\Users\elvin\.m2\repository\junit\junit\4.13.2\junit-4.13.2.jar;C:\Users\elvin\.m2\repository\org\hamcrest\hamcrest-core\1.3\hamcrest-core-1.3.jar;C:\Users\elvin\.m2\repository\org\seleniumhq\selenium\selenium-java\4.2.2\selenium-java-4.2.2.jar;C:\Users\elvin\.m2\repository\org\seleniumhq\selenium\selenium-api\4.2.2\selenium-api-4.2.2.jar;C:\Users\elvin\.m2\repository\org\seleniumhq\selenium\selenium-chrome-driver\4.2.2\selenium-chrome-driver-4.2.2.jar;C:\Users\elvin\.m2\repository\com\google\auto\service\auto-service-annotations\1.0.1\auto-service-annotations-1.0.1.jar;C:\Users\elvin\.m2\repository\com\google\auto\service\auto-service\1.0.1\auto-service-1.0.1.jar;C:\Users\elvin\.m2\repository\com\google\auto\auto-common\1.2\auto-common-1.2.jar;C:\Users\elvin\.m2\repository\org\seleniumhq\selenium\selenium-chromium-driver\4.2.2\selenium-chromium-driver-4.2.2.jar;C:\Users\elvin\.m2\repository\org\seleniumhq\selenium\selenium-json\4.2.2\selenium-json-4.2.2.jar;C:\Users\elvin\.m2\repository\org\seleniumhq\selenium\selenium-devtools-v100\4.2.2\selenium-devtools-v100-4.2.2.jar;C:\Users\elvin\.m2\repository\org\seleniumhq\selenium\selenium-devtools-v101\4.2.2\selenium-devtools-v101-4.2.2.jar;C:\Users\elvin\.m2\repository\org\seleniumhq\selenium\selenium-devtools-v102\4.2.2\selenium-devtools-v102-4.2.2.jar;C:\Users\elvin\.m2\repository\org\seleniumhq\selenium\selenium-devtools-v85\4.2.2\selenium-devtools-v85-4.2.2.jar;C:\Users\elvin\.m2\repository\org\seleniumhq\selenium\selenium-edge-driver\4.2.2\selenium-edge-driver-4.2.2.jar;C:\Users\elvin\.m2\repository\org\seleniumhq\selenium\
Launcher Type: SUN_STANDARD

[Global flags]
     intx CICompilerCount                          = 3                                         {product} {ergonomic}
     uint ConcGCThreads                            = 1                                         {product} {ergonomic}
     uint G1ConcRefinementThreads                  = 4                                         {product} {ergonomic}
   size_t G1HeapRegionSize                         = 1048576                                   {product} {ergonomic}
    uintx GCDrainStackTargetSize                   = 64                                        {product} {ergonomic}
   size_t InitialHeapSize                          = 67108864                                  {product} {ergonomic}
   size_t MarkStackSize                            = 4194304                                   {product} {ergonomic}
   size_t MaxHeapSize                              = 1044381696                                {product} {ergonomic}
   size_t MaxNewSize                               = 625999872                                 {product} {ergonomic}
   size_t MinHeapDeltaBytes                        = 1048576                                   {product} {ergonomic}
   size_t MinHeapSize                              = 8388608                                   {product} {ergonomic}
    uintx NonNMethodCodeHeapSize                   = 5832780                                {pd product} {ergonomic}
    uintx NonProfiledCodeHeapSize                  = 122912730                              {pd product} {ergonomic}
    uintx ProfiledCodeHeapSize                     = 122912730                              {pd product} {ergonomic}
    uintx ReservedCodeCacheSize                    = 251658240                              {pd product} {ergonomic}
     bool SegmentedCodeCache                       = true                                      {product} {ergonomic}
   size_t SoftMaxHeapSize                          = 1044381696                             {manageable} {ergonomic}
     bool UseCompressedClassPointers               = true                           {product lp64_product} {ergonomic}
     bool UseCompressedOops                        = true                           {product lp64_product} {ergonomic}
     bool UseG1GC                                  = true                                      {product} {ergonomic}
     bool UseLargePagesIndividualAllocation        = false                                  {pd product} {ergonomic}

Logging:
Log output configuration:
 #0: stdout all=warning uptime,level,tags
 #1: stderr all=off uptime,level,tags

Environment Variables:
PATH=C:\Program Files\Common Files\Oracle\Java\javapath;C:\Program Files (x86)\Common Files\Oracle\Java\javapath;C:\Windows\system32;C:\Windows;C:\Windows\System32\Wbem;C:\Windows\System32\WindowsPowerShell\v1.0\;C:\Windows\System32\OpenSSH\;C:\Program Files\Git\cmd;C:\Program Files\Docker\Docker\resources\bin;C:\ProgramData\DockerDesktop\version-bin;C:\allure-2.18.1\bin;C:\Program Files\MySQL\MySQL Shell 8.0\bin\;C:\Users\elvin\AppData\Local\Microsoft\WindowsApps;C:\Users\elvin\AppData\Local\Programs\Microsoft VS Code\bin;C:\Users\elvin\AppData\Local\GitHubDesktop\bin;C:\Program Files\maven\bin;C:\allure-2.18.1\bin;
USERNAME=elvin
OS=Windows_NT
PROCESSOR_IDENTIFIER=Intel64 Family 6 Model 58 Stepping 9, GenuineIntel



---------------  S Y S T E M  ---------------

OS:
 Windows 10 , 64 bit Build 19041 (10.0.19041.1806)
OS uptime: 7 days 22:25 hours
Hyper-V role detected

CPU: total 4 (initial active 4) (2 cores per cpu, 2 threads per core) family 6 model 58 stepping 9 microcode 0x21, cx8, cmov, fxsr, ht, mmx, sse, sse2, sse3, ssse3, sse4.1, sse4.2, popcnt, tsc, tscinvbit, avx, erms, clmul, vzeroupper, clflush, hv

Memory: 4k page, system-wide physical 3981M (294M free)
TotalPageFile size 16269M (AvailPageFile size 2M)
current process WorkingSet (physical memory assigned to process): 55M, peak: 55M
current process commit charge ("private bytes"): 149M, peak: 150M

vm_info: Java HotSpot(TM) 64-Bit Server VM (17.0.2+8-LTS-86) for windows-amd64 JRE (17.0.2+8-LTS-86), built on Dec  7 2021 21:51:03 by "mach5one" with MS VC++ 16.8 / 16.9 (VS2019)

END.
