#
# There is insufficient memory for the Java Runtime Environment to continue.
# Native memory allocation (malloc) failed to allocate 1069392 bytes for Chunk::new
# Possible reasons:
#   The system is out of physical RAM or swap space
#   The process is running with CompressedOops enabled, and the Java Heap may be blocking the growth of the native heap
# Possible solutions:
#   Reduce memory load on the system
#   Increase physical memory or swap space
#   Check if swap backing store is full
#   Decrease Java heap size (-Xmx/-Xms)
#   Decrease number of Java threads
#   Decrease Java thread stack sizes (-Xss)
#   Set larger code cache with -XX:ReservedCodeCacheSize=
#   JVM is running with Unscaled Compressed Oops mode in which the Java heap is
#     placed in the first 4GB address space. The Java Heap base address is the
#     maximum limit for the native heap growth. Please use -XX:HeapBaseMinAddress
#     to set the Java Heap base and to place the Java Heap above 4GB virtual address.
# This output file may be truncated or incomplete.
#
#  Out of Memory Error (arena.cpp:189), pid=14164, tid=6508
#
# JRE version: Java(TM) SE Runtime Environment (17.0.2+8) (build 17.0.2+8-LTS-86)
# Java VM: Java HotSpot(TM) 64-Bit Server VM (17.0.2+8-LTS-86, mixed mode, sharing, tiered, compressed oops, compressed class ptrs, g1 gc, windows-amd64)
# No core dump will be written. Minidumps are not enabled by default on client versions of Windows
#

---------------  S U M M A R Y ------------

Command Line: -ea -Dallure.result.directory=target/allure-results -javaagent:C:\Users\elvin\.m2\repository/org/aspectj/aspectjweaver/1.9.7/aspectjweaver-1.9.7.jar -Didea.test.cyclic.buffer.size=1048576 -javaagent:C:\Program Files\JetBrains\IntelliJ IDEA Community Edition 2021.3.1\lib\idea_rt.jar=65211:C:\Program Files\JetBrains\IntelliJ IDEA Community Edition 2021.3.1\bin -Dfile.encoding=UTF-8 com.intellij.rt.junit.JUnitStarter -ideVersion5 -junit4 tests.OrderCreditCardTest

Host: Intel(R) Core(TM) i3-3217U CPU @ 1.80GHz, 4 cores, 3G,  Windows 10 , 64 bit Build 19041 (10.0.19041.1806)
Time: Mon Aug  8 17:30:35 2022 RTZ 2 (s 10 , 64 bit Build 19041 (10.0.19041.1806) elapsed time: 42.289628 seconds (0d 0h 0m 42s)

---------------  T H R E A D  ---------------

Current thread (0x0000029e59979390):  JavaThread "C2 CompilerThread0" daemon [_thread_in_native, id=6508, stack(0x000000f885700000,0x000000f885800000)]


Current CompileTask:
C2:  42289 3927       4       org.aspectj.weaver.TypeFactory::createTypeFromSignature (985 bytes)

Stack: [0x000000f885700000,0x000000f885800000]
Native frames: (J=compiled Java code, j=interpreted, Vv=VM code, C=native code)
V  [jvm.dll+0x670baa]
V  [jvm.dll+0x7cfcb4]
V  [jvm.dll+0x7d145e]
V  [jvm.dll+0x7d1ac3]
V  [jvm.dll+0x242bc5]
V  [jvm.dll+0xaa57b]
V  [jvm.dll+0xaab0c]
V  [jvm.dll+0x35fd07]
V  [jvm.dll+0x1b9b68]
V  [jvm.dll+0x215de9]
V  [jvm.dll+0x2150b1]
V  [jvm.dll+0x1a1bbd]
V  [jvm.dll+0x224908]
V  [jvm.dll+0x222a6c]
V  [jvm.dll+0x7859bb]
V  [jvm.dll+0x77ff7a]
V  [jvm.dll+0x66fa35]
C  [ucrtbase.dll+0x21bb2]
C  [KERNEL32.DLL+0x17034]
C  [ntdll.dll+0x52651]


---------------  P R O C E S S  ---------------

Threads class SMR info:
_java_thread_list=0x0000029e79359740, length=26, elements={
0x0000029e598af330, 0x0000029e5995d760, 0x0000029e5995e4e0, 0x0000029e59973c90,
0x0000029e59977570, 0x0000029e59977e30, 0x0000029e599786f0, 0x0000029e59979390,
0x0000029e59979d40, 0x0000029e5997de00, 0x0000029e59946a10, 0x0000029e77f3ea20,
0x0000029e77a596f0, 0x0000029e77f0a180, 0x0000029e783eb900, 0x0000029e77f99c20,
0x0000029e7955b9f0, 0x0000029e782c1960, 0x0000029e77f16c70, 0x0000029e780ab0b0,
0x0000029e789b83a0, 0x0000029e7c663ad0, 0x0000029e7c662c60, 0x0000029e7c6622c0,
0x0000029e7c663fa0, 0x0000029e7c664940
}

Java Threads: ( => current thread )
  0x0000029e598af330 JavaThread "main" [_thread_in_Java, id=7084, stack(0x000000f884a00000,0x000000f884b00000)]
  0x0000029e5995d760 JavaThread "Reference Handler" daemon [_thread_blocked, id=7016, stack(0x000000f885100000,0x000000f885200000)]
  0x0000029e5995e4e0 JavaThread "Finalizer" daemon [_thread_blocked, id=12860, stack(0x000000f885200000,0x000000f885300000)]
  0x0000029e59973c90 JavaThread "Signal Dispatcher" daemon [_thread_blocked, id=2840, stack(0x000000f885300000,0x000000f885400000)]
  0x0000029e59977570 JavaThread "Attach Listener" daemon [_thread_blocked, id=11456, stack(0x000000f885400000,0x000000f885500000)]
  0x0000029e59977e30 JavaThread "Service Thread" daemon [_thread_blocked, id=13088, stack(0x000000f885500000,0x000000f885600000)]
  0x0000029e599786f0 JavaThread "Monitor Deflation Thread" daemon [_thread_blocked, id=1328, stack(0x000000f885600000,0x000000f885700000)]
=>0x0000029e59979390 JavaThread "C2 CompilerThread0" daemon [_thread_in_native, id=6508, stack(0x000000f885700000,0x000000f885800000)]
  0x0000029e59979d40 JavaThread "C1 CompilerThread0" daemon [_thread_blocked, id=12940, stack(0x000000f885800000,0x000000f885900000)]
  0x0000029e5997de00 JavaThread "Sweeper thread" daemon [_thread_blocked, id=10280, stack(0x000000f885900000,0x000000f885a00000)]
  0x0000029e59946a10 JavaThread "Common-Cleaner" daemon [_thread_blocked, id=8448, stack(0x000000f885a00000,0x000000f885b00000)]
  0x0000029e77f3ea20 JavaThread "Monitor Ctrl-Break" daemon [_thread_in_native, id=4160, stack(0x000000f885e00000,0x000000f885f00000)]
  0x0000029e77a596f0 JavaThread "Notification Thread" daemon [_thread_blocked, id=6660, stack(0x000000f885f00000,0x000000f886000000)]
  0x0000029e77f0a180 JavaThread "ForkJoinPool.commonPool-worker-1" daemon [_thread_blocked, id=1920, stack(0x000000f886300000,0x000000f886400000)]
  0x0000029e783eb900 JavaThread "AsyncHttpClient-1-1" daemon [_thread_blocked, id=3388, stack(0x000000f886400000,0x000000f886500000)]
  0x0000029e77f99c20 JavaThread "ForkJoinPool.commonPool-worker-2" daemon [_thread_blocked, id=7572, stack(0x000000f886500000,0x000000f886600000)]
  0x0000029e7955b9f0 JavaThread "ForkJoinPool.commonPool-worker-3" daemon [_thread_blocked, id=13552, stack(0x000000f886600000,0x000000f886700000)]
  0x0000029e782c1960 JavaThread "Exec Default Executor" daemon [_thread_in_native, id=7616, stack(0x000000f886700000,0x000000f886800000)]
  0x0000029e77f16c70 JavaThread "Driver Service Executor" daemon [_thread_blocked, id=6976, stack(0x000000f886800000,0x000000f886900000)]
  0x0000029e780ab0b0 JavaThread "Driver Service Executor" daemon [_thread_blocked, id=1340, stack(0x000000f886900000,0x000000f886a00000)]
  0x0000029e789b83a0 JavaThread "UrlChecker-2" daemon [_thread_blocked, id=7912, stack(0x000000f886a00000,0x000000f886b00000)]
  0x0000029e7c663ad0 JavaThread "Exec Stream Pumper" daemon [_thread_in_native, id=7024, stack(0x000000f886b00000,0x000000f886c00000)]
  0x0000029e7c662c60 JavaThread "Exec Stream Pumper" daemon [_thread_in_native, id=15044, stack(0x000000f886c00000,0x000000f886d00000)]
  0x0000029e7c6622c0 JavaThread "AsyncHttpClient-1-2" daemon [_thread_in_native, id=8732, stack(0x000000f886d00000,0x000000f886e00000)]
  0x0000029e7c663fa0 JavaThread "AsyncHttpClient-1-3" daemon [_thread_in_native, id=15604, stack(0x000000f886f00000,0x000000f887000000)]
  0x0000029e7c664940 JavaThread "AsyncHttpClient-1-4" daemon [_thread_in_native, id=620, stack(0x000000f887000000,0x000000f887100000)]

Other Threads:
  0x0000029e59957bf0 VMThread "VM Thread" [stack: 0x000000f885000000,0x000000f885100000] [id=2728]
  0x0000029e78082fc0 WatcherThread [stack: 0x000000f886000000,0x000000f886100000] [id=14932]
  0x0000029e598dd2d0 GCTaskThread "GC Thread#0" [stack: 0x000000f884b00000,0x000000f884c00000] [id=6808]
  0x0000029e77b2af60 GCTaskThread "GC Thread#1" [stack: 0x000000f885b00000,0x000000f885c00000] [id=14116]
  0x0000029e77b28690 GCTaskThread "GC Thread#2" [stack: 0x000000f885c00000,0x000000f885d00000] [id=864]
  0x0000029e77de0f70 GCTaskThread "GC Thread#3" [stack: 0x000000f885d00000,0x000000f885e00000] [id=15172]
  0x0000029e598e6db0 ConcurrentGCThread "G1 Main Marker" [stack: 0x000000f884c00000,0x000000f884d00000] [id=224]
  0x0000029e598e76d0 ConcurrentGCThread "G1 Conc#0" [stack: 0x000000f884d00000,0x000000f884e00000] [id=12900]
  0x0000029e59934770 ConcurrentGCThread "G1 Refine#0" [stack: 0x000000f884e00000,0x000000f884f00000] [id=16000]
  0x0000029e599350a0 ConcurrentGCThread "G1 Service" [stack: 0x000000f884f00000,0x000000f885000000] [id=13224]

Threads with active compile tasks:
C2 CompilerThread0    42375 3927       4       org.aspectj.weaver.TypeFactory::createTypeFromSignature (985 bytes)

VM state: not at safepoint (normal execution)

VM Mutex/Monitor currently owned by a thread: None

Heap address: 0x00000000c1c00000, size: 996 MB, Compressed Oops mode: 32-bit

CDS archive(s) mapped at: [0x0000000800000000-0x0000000800bc0000-0x0000000800bc0000), size 12320768, SharedBaseAddress: 0x0000000800000000, ArchiveRelocationMode: 0.
Compressed class space mapped at: 0x0000000800c00000-0x0000000840c00000, reserved size: 1073741824
Narrow klass base: 0x0000000800000000, Narrow klass shift: 0, Narrow klass range: 0x100000000

GC Precious Log:
 CPUs: 4 total, 4 available
 Memory: 3981M
 Large Page Support: Disabled
 NUMA Support: Disabled
 Compressed Oops: Enabled (32-bit)
 Heap Region Size: 1M
 Heap Min Capacity: 8M
 Heap Initial Capacity: 64M
 Heap Max Capacity: 996M
 Pre-touch: Disabled
 Parallel Workers: 4
 Concurrent Workers: 1
 Concurrent Refinement Workers: 4
 Periodic GC: Disabled

Heap:
 garbage-first heap   total 149504K, used 78945K [0x00000000c1c00000, 0x0000000100000000)
  region size 1024K, 24 young (24576K), 1 survivors (1024K)
 Metaspace       used 34472K, committed 34688K, reserved 1081344K
  class space    used 3918K, committed 4032K, reserved 1048576K

Heap Regions: E=young(eden), S=young(survivor), O=old, HS=humongous(starts), HC=humongous(continues), CS=collection set, F=free, OA=open archive, CA=closed archive, TAMS=top-at-mark-start (previous, next)
|   0|0x00000000c1c00000, 0x00000000c1d00000, 0x00000000c1d00000|100%| O|  |TAMS 0x00000000c1d00000, 0x00000000c1c00000| Untracked 
|   1|0x00000000c1d00000, 0x00000000c1e00000, 0x00000000c1e00000|100%| O|  |TAMS 0x00000000c1e00000, 0x00000000c1d00000| Untracked 
|   2|0x00000000c1e00000, 0x00000000c1f00000, 0x00000000c1f00000|100%| O|  |TAMS 0x00000000c1f00000, 0x00000000c1e00000| Untracked 
|   3|0x00000000c1f00000, 0x00000000c2000000, 0x00000000c2000000|100%| O|  |TAMS 0x00000000c2000000, 0x00000000c1f00000| Untracked 
|   4|0x00000000c2000000, 0x00000000c2100000, 0x00000000c2100000|100%| O|  |TAMS 0x00000000c2100000, 0x00000000c2000000| Untracked 
|   5|0x00000000c2100000, 0x00000000c2200000, 0x00000000c2200000|100%| O|  |TAMS 0x00000000c2200000, 0x00000000c2100000| Untracked 
|   6|0x00000000c2200000, 0x00000000c2300000, 0x00000000c2300000|100%| O|  |TAMS 0x00000000c2300000, 0x00000000c2200000| Untracked 
|   7|0x00000000c2300000, 0x00000000c2400000, 0x00000000c2400000|100%| O|  |TAMS 0x00000000c2400000, 0x00000000c2300000| Untracked 
|   8|0x00000000c2400000, 0x00000000c2500000, 0x00000000c2500000|100%| O|  |TAMS 0x00000000c2500000, 0x00000000c2400000| Untracked 
|   9|0x00000000c2500000, 0x00000000c2600000, 0x00000000c2600000|100%| O|  |TAMS 0x00000000c2600000, 0x00000000c2500000| Untracked 
|  10|0x00000000c2600000, 0x00000000c2700000, 0x00000000c2700000|100%| O|  |TAMS 0x00000000c2700000, 0x00000000c2600000| Untracked 
|  11|0x00000000c2700000, 0x00000000c2800000, 0x00000000c2800000|100%| O|  |TAMS 0x00000000c2800000, 0x00000000c2700000| Untracked 
|  12|0x00000000c2800000, 0x00000000c2900000, 0x00000000c2900000|100%| O|  |TAMS 0x00000000c2900000, 0x00000000c2800000| Untracked 
|  13|0x00000000c2900000, 0x00000000c2a00000, 0x00000000c2a00000|100%| O|  |TAMS 0x00000000c2a00000, 0x00000000c2900000| Untracked 
|  14|0x00000000c2a00000, 0x00000000c2b00000, 0x00000000c2b00000|100%| O|  |TAMS 0x00000000c2b00000, 0x00000000c2a00000| Untracked 
|  15|0x00000000c2b00000, 0x00000000c2c00000, 0x00000000c2c00000|100%| O|  |TAMS 0x00000000c2c00000, 0x00000000c2b00000| Untracked 
|  16|0x00000000c2c00000, 0x00000000c2d00000, 0x00000000c2d00000|100%| O|  |TAMS 0x00000000c2d00000, 0x00000000c2c00000| Untracked 
|  17|0x00000000c2d00000, 0x00000000c2e00000, 0x00000000c2e00000|100%| O|  |TAMS 0x00000000c2d00000, 0x00000000c2d00000| Untracked 
|  18|0x00000000c2e00000, 0x00000000c2f00000, 0x00000000c2f00000|100%| O|  |TAMS 0x00000000c2f00000, 0x00000000c2e00000| Untracked 
|  19|0x00000000c2f00000, 0x00000000c3000000, 0x00000000c3000000|100%| O|  |TAMS 0x00000000c3000000, 0x00000000c2f00000| Untracked 
|  20|0x00000000c3000000, 0x00000000c3100000, 0x00000000c3100000|100%| O|  |TAMS 0x00000000c3100000, 0x00000000c3000000| Untracked 
|  21|0x00000000c3100000, 0x00000000c3200000, 0x00000000c3200000|100%| O|  |TAMS 0x00000000c3200000, 0x00000000c3100000| Untracked 
|  22|0x00000000c3200000, 0x00000000c3300000, 0x00000000c3300000|100%| O|  |TAMS 0x00000000c3300000, 0x00000000c3200000| Untracked 
|  23|0x00000000c3300000, 0x00000000c3400000, 0x00000000c3400000|100%| O|  |TAMS 0x00000000c3400000, 0x00000000c3300000| Untracked 
|  24|0x00000000c3400000, 0x00000000c3500000, 0x00000000c3500000|100%| O|  |TAMS 0x00000000c3500000, 0x00000000c3400000| Untracked 
|  25|0x00000000c3500000, 0x00000000c3600000, 0x00000000c3600000|100%| O|  |TAMS 0x00000000c3600000, 0x00000000c3500000| Untracked 
|  26|0x00000000c3600000, 0x00000000c3700000, 0x00000000c3700000|100%| O|  |TAMS 0x00000000c3700000, 0x00000000c3600000| Untracked 
|  27|0x00000000c3700000, 0x00000000c3800000, 0x00000000c3800000|100%| O|  |TAMS 0x00000000c3800000, 0x00000000c3700000| Untracked 
|  28|0x00000000c3800000, 0x00000000c3900000, 0x00000000c3900000|100%| O|  |TAMS 0x00000000c3900000, 0x00000000c3800000| Untracked 
|  29|0x00000000c3900000, 0x00000000c3a00000, 0x00000000c3a00000|100%| O|  |TAMS 0x00000000c3a00000, 0x00000000c3900000| Untracked 
|  30|0x00000000c3a00000, 0x00000000c3b00000, 0x00000000c3b00000|100%| O|  |TAMS 0x00000000c3b00000, 0x00000000c3a00000| Untracked 
|  31|0x00000000c3b00000, 0x00000000c3c00000, 0x00000000c3c00000|100%| O|  |TAMS 0x00000000c3c00000, 0x00000000c3b00000| Untracked 
|  32|0x00000000c3c00000, 0x00000000c3d00000, 0x00000000c3d00000|100%| O|  |TAMS 0x00000000c3d00000, 0x00000000c3c00000| Untracked 
|  33|0x00000000c3d00000, 0x00000000c3e00000, 0x00000000c3e00000|100%| O|  |TAMS 0x00000000c3e00000, 0x00000000c3d00000| Untracked 
|  34|0x00000000c3e00000, 0x00000000c3f00000, 0x00000000c3f00000|100%| O|  |TAMS 0x00000000c3f00000, 0x00000000c3e00000| Untracked 
|  35|0x00000000c3f00000, 0x00000000c4000000, 0x00000000c4000000|100%| O|  |TAMS 0x00000000c4000000, 0x00000000c3f00000| Untracked 
|  36|0x00000000c4000000, 0x00000000c4100000, 0x00000000c4100000|100%| O|  |TAMS 0x00000000c4100000, 0x00000000c4000000| Untracked 
|  37|0x00000000c4100000, 0x00000000c4100000, 0x00000000c4200000|  0%| F|  |TAMS 0x00000000c4100000, 0x00000000c4100000| Untracked 
|  38|0x00000000c4200000, 0x00000000c4300000, 0x00000000c4300000|100%| O|  |TAMS 0x00000000c4300000, 0x00000000c4200000| Untracked 
|  39|0x00000000c4300000, 0x00000000c4400000, 0x00000000c4400000|100%| O|  |TAMS 0x00000000c4400000, 0x00000000c4300000| Untracked 
|  40|0x00000000c4400000, 0x00000000c4500000, 0x00000000c4500000|100%| O|  |TAMS 0x00000000c4500000, 0x00000000c4400000| Untracked 
|  41|0x00000000c4500000, 0x00000000c4600000, 0x00000000c4600000|100%| O|  |TAMS 0x00000000c4600000, 0x00000000c4500000| Untracked 
|  42|0x00000000c4600000, 0x00000000c4700000, 0x00000000c4700000|100%| O|  |TAMS 0x00000000c4700000, 0x00000000c4600000| Untracked 
|  43|0x00000000c4700000, 0x00000000c4800000, 0x00000000c4800000|100%| O|  |TAMS 0x00000000c4781c00, 0x00000000c4700000| Untracked 
|  44|0x00000000c4800000, 0x00000000c4900000, 0x00000000c4900000|100%|HS|  |TAMS 0x00000000c4800000, 0x00000000c4800000| Complete 
|  45|0x00000000c4900000, 0x00000000c4a00000, 0x00000000c4a00000|100%|HC|  |TAMS 0x00000000c4900000, 0x00000000c4900000| Complete 
|  46|0x00000000c4a00000, 0x00000000c4b00000, 0x00000000c4b00000|100%|HC|  |TAMS 0x00000000c4a00000, 0x00000000c4a00000| Complete 
|  47|0x00000000c4b00000, 0x00000000c4c00000, 0x00000000c4c00000|100%|HC|  |TAMS 0x00000000c4b00000, 0x00000000c4b00000| Complete 
|  48|0x00000000c4c00000, 0x00000000c4d00000, 0x00000000c4d00000|100%|HC|  |TAMS 0x00000000c4c00000, 0x00000000c4c00000| Complete 
|  49|0x00000000c4d00000, 0x00000000c4e00000, 0x00000000c4e00000|100%| O|  |TAMS 0x00000000c4d00000, 0x00000000c4d00000| Untracked 
|  50|0x00000000c4e00000, 0x00000000c4f00000, 0x00000000c4f00000|100%| O|  |TAMS 0x00000000c4e00000, 0x00000000c4e00000| Untracked 
|  51|0x00000000c4f00000, 0x00000000c5000000, 0x00000000c5000000|100%| O|  |TAMS 0x00000000c4f00000, 0x00000000c4f00000| Untracked 
|  52|0x00000000c5000000, 0x00000000c5100000, 0x00000000c5100000|100%| O|  |TAMS 0x00000000c5000000, 0x00000000c5000000| Untracked 
|  53|0x00000000c5100000, 0x00000000c5200000, 0x00000000c5200000|100%| O|  |TAMS 0x00000000c5100000, 0x00000000c5100000| Untracked 
|  54|0x00000000c5200000, 0x00000000c5300000, 0x00000000c5300000|100%| O|  |TAMS 0x00000000c5200000, 0x00000000c5200000| Untracked 
|  55|0x00000000c5300000, 0x00000000c5318600, 0x00000000c5400000|  9%| O|  |TAMS 0x00000000c5300000, 0x00000000c5300000| Untracked 
|  56|0x00000000c5400000, 0x00000000c5400000, 0x00000000c5500000|  0%| F|  |TAMS 0x00000000c5400000, 0x00000000c5400000| Untracked 
|  57|0x00000000c5500000, 0x00000000c5500000, 0x00000000c5600000|  0%| F|  |TAMS 0x00000000c5500000, 0x00000000c5500000| Untracked 
|  58|0x00000000c5600000, 0x00000000c5600000, 0x00000000c5700000|  0%| F|  |TAMS 0x00000000c5600000, 0x00000000c5600000| Untracked 
|  59|0x00000000c5700000, 0x00000000c5700000, 0x00000000c5800000|  0%| F|  |TAMS 0x00000000c5700000, 0x00000000c5700000| Untracked 
|  60|0x00000000c5800000, 0x00000000c5800000, 0x00000000c5900000|  0%| F|  |TAMS 0x00000000c5800000, 0x00000000c5800000| Untracked 
|  61|0x00000000c5900000, 0x00000000c5900000, 0x00000000c5a00000|  0%| F|  |TAMS 0x00000000c5900000, 0x00000000c5900000| Untracked 
|  62|0x00000000c5a00000, 0x00000000c5a00000, 0x00000000c5b00000|  0%| F|  |TAMS 0x00000000c5a00000, 0x00000000c5a00000| Untracked 
|  63|0x00000000c5b00000, 0x00000000c5b00000, 0x00000000c5c00000|  0%| F|  |TAMS 0x00000000c5b00000, 0x00000000c5b00000| Untracked 
|  64|0x00000000c5c00000, 0x00000000c5c00000, 0x00000000c5d00000|  0%| F|  |TAMS 0x00000000c5c00000, 0x00000000c5c00000| Untracked 
|  65|0x00000000c5d00000, 0x00000000c5d00000, 0x00000000c5e00000|  0%| F|  |TAMS 0x00000000c5d00000, 0x00000000c5d00000| Untracked 
|  66|0x00000000c5e00000, 0x00000000c5e00000, 0x00000000c5f00000|  0%| F|  |TAMS 0x00000000c5e00000, 0x00000000c5e00000| Untracked 
|  67|0x00000000c5f00000, 0x00000000c5f00000, 0x00000000c6000000|  0%| F|  |TAMS 0x00000000c5f00000, 0x00000000c5f00000| Untracked 
|  68|0x00000000c6000000, 0x00000000c6000000, 0x00000000c6100000|  0%| F|  |TAMS 0x00000000c6000000, 0x00000000c6000000| Untracked 
|  69|0x00000000c6100000, 0x00000000c6100000, 0x00000000c6200000|  0%| F|  |TAMS 0x00000000c6100000, 0x00000000c6100000| Untracked 
|  70|0x00000000c6200000, 0x00000000c6200000, 0x00000000c6300000|  0%| F|  |TAMS 0x00000000c6200000, 0x00000000c6200000| Untracked 
|  71|0x00000000c6300000, 0x00000000c6300000, 0x00000000c6400000|  0%| F|  |TAMS 0x00000000c6300000, 0x00000000c6300000| Untracked 
|  72|0x00000000c6400000, 0x00000000c6400000, 0x00000000c6500000|  0%| F|  |TAMS 0x00000000c6400000, 0x00000000c6400000| Untracked 
|  73|0x00000000c6500000, 0x00000000c6500000, 0x00000000c6600000|  0%| F|  |TAMS 0x00000000c6500000, 0x00000000c6500000| Untracked 
|  74|0x00000000c6600000, 0x00000000c6600000, 0x00000000c6700000|  0%| F|  |TAMS 0x00000000c6600000, 0x00000000c6600000| Untracked 
|  75|0x00000000c6700000, 0x00000000c6700000, 0x00000000c6800000|  0%| F|  |TAMS 0x00000000c6700000, 0x00000000c6700000| Untracked 
|  76|0x00000000c6800000, 0x00000000c6800000, 0x00000000c6900000|  0%| F|  |TAMS 0x00000000c6800000, 0x00000000c6800000| Untracked 
|  77|0x00000000c6900000, 0x00000000c6900000, 0x00000000c6a00000|  0%| F|  |TAMS 0x00000000c6900000, 0x00000000c6900000| Untracked 
|  78|0x00000000c6a00000, 0x00000000c6a00000, 0x00000000c6b00000|  0%| F|  |TAMS 0x00000000c6a00000, 0x00000000c6a00000| Untracked 
|  79|0x00000000c6b00000, 0x00000000c6b00000, 0x00000000c6c00000|  0%| F|  |TAMS 0x00000000c6b00000, 0x00000000c6b00000| Untracked 
|  80|0x00000000c6c00000, 0x00000000c6c00000, 0x00000000c6d00000|  0%| F|  |TAMS 0x00000000c6c00000, 0x00000000c6c00000| Untracked 
|  81|0x00000000c6d00000, 0x00000000c6d00000, 0x00000000c6e00000|  0%| F|  |TAMS 0x00000000c6d00000, 0x00000000c6d00000| Untracked 
|  82|0x00000000c6e00000, 0x00000000c6e00000, 0x00000000c6f00000|  0%| F|  |TAMS 0x00000000c6e00000, 0x00000000c6e00000| Untracked 
|  83|0x00000000c6f00000, 0x00000000c6f00000, 0x00000000c7000000|  0%| F|  |TAMS 0x00000000c6f00000, 0x00000000c6f00000| Untracked 
|  84|0x00000000c7000000, 0x00000000c7000000, 0x00000000c7100000|  0%| F|  |TAMS 0x00000000c7000000, 0x00000000c7000000| Untracked 
|  85|0x00000000c7100000, 0x00000000c7100000, 0x00000000c7200000|  0%| F|  |TAMS 0x00000000c7100000, 0x00000000c7100000| Untracked 
|  86|0x00000000c7200000, 0x00000000c7200000, 0x00000000c7300000|  0%| F|  |TAMS 0x00000000c7200000, 0x00000000c7200000| Untracked 
|  87|0x00000000c7300000, 0x00000000c7300000, 0x00000000c7400000|  0%| F|  |TAMS 0x00000000c7300000, 0x00000000c7300000| Untracked 
|  88|0x00000000c7400000, 0x00000000c7400000, 0x00000000c7500000|  0%| F|  |TAMS 0x00000000c7400000, 0x00000000c7400000| Untracked 
|  89|0x00000000c7500000, 0x00000000c7500000, 0x00000000c7600000|  0%| F|  |TAMS 0x00000000c7500000, 0x00000000c7500000| Untracked 
|  90|0x00000000c7600000, 0x00000000c7600000, 0x00000000c7700000|  0%| F|  |TAMS 0x00000000c7600000, 0x00000000c7600000| Untracked 
|  91|0x00000000c7700000, 0x00000000c7700000, 0x00000000c7800000|  0%| F|  |TAMS 0x00000000c7700000, 0x00000000c7700000| Untracked 
|  92|0x00000000c7800000, 0x00000000c7800000, 0x00000000c7900000|  0%| F|  |TAMS 0x00000000c7800000, 0x00000000c7800000| Untracked 
|  93|0x00000000c7900000, 0x00000000c7900000, 0x00000000c7a00000|  0%| F|  |TAMS 0x00000000c7900000, 0x00000000c7900000| Untracked 
|  94|0x00000000c7a00000, 0x00000000c7a00000, 0x00000000c7b00000|  0%| F|  |TAMS 0x00000000c7a00000, 0x00000000c7a00000| Untracked 
|  95|0x00000000c7b00000, 0x00000000c7b00000, 0x00000000c7c00000|  0%| F|  |TAMS 0x00000000c7b00000, 0x00000000c7b00000| Untracked 
|  96|0x00000000c7c00000, 0x00000000c7c00000, 0x00000000c7d00000|  0%| F|  |TAMS 0x00000000c7c00000, 0x00000000c7c00000| Untracked 
|  97|0x00000000c7d00000, 0x00000000c7d00000, 0x00000000c7e00000|  0%| F|  |TAMS 0x00000000c7d00000, 0x00000000c7d00000| Untracked 
|  98|0x00000000c7e00000, 0x00000000c7e00000, 0x00000000c7f00000|  0%| F|  |TAMS 0x00000000c7e00000, 0x00000000c7e00000| Untracked 
|  99|0x00000000c7f00000, 0x00000000c7f00000, 0x00000000c8000000|  0%| F|  |TAMS 0x00000000c7f00000, 0x00000000c7f00000| Untracked 
| 100|0x00000000c8000000, 0x00000000c8000000, 0x00000000c8100000|  0%| F|  |TAMS 0x00000000c8000000, 0x00000000c8000000| Untracked 
| 101|0x00000000c8100000, 0x00000000c8100000, 0x00000000c8200000|  0%| F|  |TAMS 0x00000000c8100000, 0x00000000c8100000| Untracked 
| 102|0x00000000c8200000, 0x00000000c8200000, 0x00000000c8300000|  0%| F|  |TAMS 0x00000000c8200000, 0x00000000c8200000| Untracked 
| 103|0x00000000c8300000, 0x00000000c8300000, 0x00000000c8400000|  0%| F|  |TAMS 0x00000000c8300000, 0x00000000c8300000| Untracked 
| 104|0x00000000c8400000, 0x00000000c8400000, 0x00000000c8500000|  0%| F|  |TAMS 0x00000000c8400000, 0x00000000c8400000| Untracked 
| 105|0x00000000c8500000, 0x00000000c8500000, 0x00000000c8600000|  0%| F|  |TAMS 0x00000000c8500000, 0x00000000c8500000| Untracked 
| 106|0x00000000c8600000, 0x00000000c8600000, 0x00000000c8700000|  0%| F|  |TAMS 0x00000000c8600000, 0x00000000c8600000| Untracked 
| 107|0x00000000c8700000, 0x00000000c8700000, 0x00000000c8800000|  0%| F|  |TAMS 0x00000000c8700000, 0x00000000c8700000| Untracked 
| 108|0x00000000c8800000, 0x00000000c8800000, 0x00000000c8900000|  0%| F|  |TAMS 0x00000000c8800000, 0x00000000c8800000| Untracked 
| 109|0x00000000c8900000, 0x00000000c8900000, 0x00000000c8a00000|  0%| F|  |TAMS 0x00000000c8900000, 0x00000000c8900000| Untracked 
| 110|0x00000000c8a00000, 0x00000000c8a00000, 0x00000000c8b00000|  0%| F|  |TAMS 0x00000000c8a00000, 0x00000000c8a00000| Untracked 
| 111|0x00000000c8b00000, 0x00000000c8b00000, 0x00000000c8c00000|  0%| F|  |TAMS 0x00000000c8b00000, 0x00000000c8b00000| Untracked 
| 112|0x00000000c8c00000, 0x00000000c8c00000, 0x00000000c8d00000|  0%| F|  |TAMS 0x00000000c8c00000, 0x00000000c8c00000| Untracked 
| 113|0x00000000c8d00000, 0x00000000c8d00000, 0x00000000c8e00000|  0%| F|  |TAMS 0x00000000c8d00000, 0x00000000c8d00000| Untracked 
| 114|0x00000000c8e00000, 0x00000000c8e00000, 0x00000000c8f00000|  0%| F|  |TAMS 0x00000000c8e00000, 0x00000000c8e00000| Untracked 
| 115|0x00000000c8f00000, 0x00000000c8f00000, 0x00000000c9000000|  0%| F|  |TAMS 0x00000000c8f00000, 0x00000000c8f00000| Untracked 
| 116|0x00000000c9000000, 0x00000000c9000000, 0x00000000c9100000|  0%| F|  |TAMS 0x00000000c9000000, 0x00000000c9000000| Untracked 
| 117|0x00000000c9100000, 0x00000000c9100000, 0x00000000c9200000|  0%| F|  |TAMS 0x00000000c9100000, 0x00000000c9100000| Untracked 
| 118|0x00000000c9200000, 0x00000000c9200000, 0x00000000c9300000|  0%| F|  |TAMS 0x00000000c9200000, 0x00000000c9200000| Untracked 
| 119|0x00000000c9300000, 0x00000000c9300000, 0x00000000c9400000|  0%| F|  |TAMS 0x00000000c9300000, 0x00000000c9300000| Untracked 
| 120|0x00000000c9400000, 0x00000000c9400000, 0x00000000c9500000|  0%| F|  |TAMS 0x00000000c9400000, 0x00000000c9400000| Untracked 
| 121|0x00000000c9500000, 0x00000000c9534730, 0x00000000c9600000| 20%| E|  |TAMS 0x00000000c9500000, 0x00000000c9500000| Complete 
| 122|0x00000000c9600000, 0x00000000c9700000, 0x00000000c9700000|100%| E|CS|TAMS 0x00000000c9600000, 0x00000000c9600000| Complete 
| 123|0x00000000c9700000, 0x00000000c9800000, 0x00000000c9800000|100%| E|CS|TAMS 0x00000000c9700000, 0x00000000c9700000| Complete 
| 124|0x00000000c9800000, 0x00000000c9900000, 0x00000000c9900000|100%| E|CS|TAMS 0x00000000c9800000, 0x00000000c9800000| Complete 
| 125|0x00000000c9900000, 0x00000000c9a00000, 0x00000000c9a00000|100%| E|CS|TAMS 0x00000000c9900000, 0x00000000c9900000| Complete 
| 126|0x00000000c9a00000, 0x00000000c9b00000, 0x00000000c9b00000|100%| E|CS|TAMS 0x00000000c9a00000, 0x00000000c9a00000| Complete 
| 127|0x00000000c9b00000, 0x00000000c9c00000, 0x00000000c9c00000|100%| E|CS|TAMS 0x00000000c9b00000, 0x00000000c9b00000| Complete 
| 128|0x00000000c9c00000, 0x00000000c9d00000, 0x00000000c9d00000|100%| E|CS|TAMS 0x00000000c9c00000, 0x00000000c9c00000| Complete 
| 129|0x00000000c9d00000, 0x00000000c9e00000, 0x00000000c9e00000|100%| E|CS|TAMS 0x00000000c9d00000, 0x00000000c9d00000| Complete 
| 130|0x00000000c9e00000, 0x00000000c9f00000, 0x00000000c9f00000|100%| E|CS|TAMS 0x00000000c9e00000, 0x00000000c9e00000| Complete 
| 131|0x00000000c9f00000, 0x00000000ca000000, 0x00000000ca000000|100%| E|CS|TAMS 0x00000000c9f00000, 0x00000000c9f00000| Complete 
| 132|0x00000000ca000000, 0x00000000ca100000, 0x00000000ca100000|100%| E|CS|TAMS 0x00000000ca000000, 0x00000000ca000000| Complete 
| 133|0x00000000ca100000, 0x00000000ca200000, 0x00000000ca200000|100%| E|CS|TAMS 0x00000000ca100000, 0x00000000ca100000| Complete 
| 134|0x00000000ca200000, 0x00000000ca300000, 0x00000000ca300000|100%| E|CS|TAMS 0x00000000ca200000, 0x00000000ca200000| Complete 
| 135|0x00000000ca300000, 0x00000000ca400000, 0x00000000ca400000|100%| E|CS|TAMS 0x00000000ca300000, 0x00000000ca300000| Complete 
| 136|0x00000000ca400000, 0x00000000ca500000, 0x00000000ca500000|100%| E|CS|TAMS 0x00000000ca400000, 0x00000000ca400000| Complete 
| 137|0x00000000ca500000, 0x00000000ca600000, 0x00000000ca600000|100%| E|CS|TAMS 0x00000000ca500000, 0x00000000ca500000| Complete 
| 138|0x00000000ca600000, 0x00000000ca700000, 0x00000000ca700000|100%| E|CS|TAMS 0x00000000ca600000, 0x00000000ca600000| Complete 
| 139|0x00000000ca700000, 0x00000000ca800000, 0x00000000ca800000|100%| E|CS|TAMS 0x00000000ca700000, 0x00000000ca700000| Complete 
| 140|0x00000000ca800000, 0x00000000ca900000, 0x00000000ca900000|100%| E|CS|TAMS 0x00000000ca800000, 0x00000000ca800000| Complete 
| 141|0x00000000ca900000, 0x00000000caa00000, 0x00000000caa00000|100%| E|CS|TAMS 0x00000000ca900000, 0x00000000ca900000| Complete 
| 142|0x00000000caa00000, 0x00000000cab00000, 0x00000000cab00000|100%| E|CS|TAMS 0x00000000caa00000, 0x00000000caa00000| Complete 
| 143|0x00000000cab00000, 0x00000000cac00000, 0x00000000cac00000|100%| E|CS|TAMS 0x00000000cab00000, 0x00000000cab00000| Complete 
| 144|0x00000000cac00000, 0x00000000cad00000, 0x00000000cad00000|100%| S|CS|TAMS 0x00000000cac00000, 0x00000000cac00000| Complete 
| 145|0x00000000cad00000, 0x00000000cae00000, 0x00000000cae00000|100%| E|CS|TAMS 0x00000000cad00000, 0x00000000cad00000| Complete 

Card table byte_map: [0x0000029e72110000,0x0000029e72310000] _byte_map_base: 0x0000029e71b02000

Marking Bits (Prev, Next): (CMBitMap*) 0x0000029e598de800, (CMBitMap*) 0x0000029e598de840
 Prev Bits: [0x0000029e72510000, 0x0000029e734a0000)
 Next Bits: [0x0000029e734a0000, 0x0000029e74430000)

Polling page: 0x0000029e59980000

Metaspace:

Usage:
  Non-class:     29.84 MB used.
      Class:      3.83 MB used.
       Both:     33.67 MB used.

Virtual space:
  Non-class space:       32.00 MB reserved,      29.94 MB ( 94%) committed,  4 nodes.
      Class space:        1.00 GB reserved,       3.94 MB ( <1%) committed,  1 nodes.
             Both:        1.03 GB reserved,      33.88 MB (  3%) committed. 

Chunk freelists:
   Non-Class:  1.94 MB
       Class:  47.00 KB
        Both:  1.99 MB

MaxMetaspaceSize: unlimited
CompressedClassSpaceSize: 1.00 GB
Initial GC threshold: 21.00 MB
Current GC threshold: 46.81 MB
CDS: on
MetaspaceReclaimPolicy: balanced
 - commit_granule_bytes: 65536.
 - commit_granule_words: 8192.
 - virtual_space_node_default_size: 1048576.
 - enlarge_chunks_in_place: 1.
 - new_chunks_are_fully_committed: 0.
 - uncommit_free_chunks: 1.
 - use_allocation_guard: 0.
 - handle_deallocations: 1.


Internal statistics:

num_allocs_failed_limit: 3.
num_arena_births: 192.
num_arena_deaths: 0.
num_vsnodes_births: 5.
num_vsnodes_deaths: 0.
num_space_committed: 542.
num_space_uncommitted: 0.
num_chunks_returned_to_freelist: 3.
num_chunks_taken_from_freelist: 1042.
num_chunk_merges: 3.
num_chunk_splits: 773.
num_chunks_enlarged: 656.
num_purges: 0.
num_inconsistent_stats: 0.

CodeHeap 'non-profiled nmethods': size=120000Kb used=3168Kb max_used=3168Kb free=116831Kb
 bounds [0x0000029e6a3c0000, 0x0000029e6a6e0000, 0x0000029e718f0000]
CodeHeap 'profiled nmethods': size=120000Kb used=7649Kb max_used=8103Kb free=112350Kb
 bounds [0x0000029e62e90000, 0x0000029e63680000, 0x0000029e6a3c0000]
CodeHeap 'non-nmethods': size=5760Kb used=1295Kb max_used=1346Kb free=4464Kb
 bounds [0x0000029e628f0000, 0x0000029e62b60000, 0x0000029e62e90000]
 total_blobs=4015 nmethods=3405 adapters=522
 compilation: enabled
              stopped_count=0, restarted_count=0
 full_count=0

Compilation events (20 events):
Event: 42.271 Thread 0x0000029e59979d40 4042  s    3       java.util.Hashtable::put (104 bytes)
Event: 42.272 Thread 0x0000029e59979d40 nmethod 4042 0x0000029e63145090 code [0x0000029e631452a0, 0x0000029e631459b8]
Event: 42.272 Thread 0x0000029e59979d40 4043       3       java.util.Hashtable::addEntry (87 bytes)
Event: 42.273 Thread 0x0000029e59979d40 nmethod 4043 0x0000029e63144490 code [0x0000029e63144680, 0x0000029e63144dd8]
Event: 42.273 Thread 0x0000029e59979d40 4044       3       java.util.Hashtable$Entry::<init> (26 bytes)
Event: 42.273 Thread 0x0000029e59979d40 nmethod 4044 0x0000029e63143f90 code [0x0000029e63144140, 0x0000029e631443b8]
Event: 42.273 Thread 0x0000029e59979d40 4045       3       java.util.LinkedHashMap::afterNodeAccess (116 bytes)
Event: 42.274 Thread 0x0000029e59979d40 nmethod 4045 0x0000029e63143610 code [0x0000029e631437e0, 0x0000029e63143e38]
Event: 42.274 Thread 0x0000029e59979d40 4046       3       java.security.cert.CertificateFactory::generateCertificate (9 bytes)
Event: 42.274 Thread 0x0000029e59979d40 nmethod 4046 0x0000029e63143210 code [0x0000029e631433c0, 0x0000029e63143528]
Event: 42.274 Thread 0x0000029e59979d40 4047   !   3       java.security.cert.Certificate::hashCode (31 bytes)
Event: 42.276 Thread 0x0000029e59979d40 nmethod 4047 0x0000029e63142290 code [0x0000029e631424c0, 0x0000029e63142dd8]
Event: 42.276 Thread 0x0000029e59979d40 4048       3       sun.security.provider.SHA2::implCompress (13 bytes)
Event: 42.277 Thread 0x0000029e59979d40 nmethod 4048 0x0000029e63141a90 code [0x0000029e63141c80, 0x0000029e631420c8]
Event: 42.277 Thread 0x0000029e59979d40 4049       3       sun.security.provider.SHA2::implCompressCheck (27 bytes)
Event: 42.277 Thread 0x0000029e59979d40 nmethod 4049 0x0000029e63141390 code [0x0000029e63141560, 0x0000029e63141918]
Event: 42.279 Thread 0x0000029e59979d40 4050       3       jdk.internal.reflect.ClassFileAssembler::emitConstantPoolNameAndType (28 bytes)
Event: 42.280 Thread 0x0000029e59979d40 nmethod 4050 0x0000029e63140710 code [0x0000029e63140940, 0x0000029e63140fc8]
Event: 42.280 Thread 0x0000029e59979d40 4051       3       sun.security.provider.DigestBase::engineUpdate (32 bytes)
Event: 42.281 Thread 0x0000029e59979d40 nmethod 4051 0x0000029e63140190 code [0x0000029e63140340, 0x0000029e63140608]

GC Heap History (20 events):
Event: 19.681 GC heap before
{Heap before GC invocations=10 (full 0):
 garbage-first heap   total 65536K, used 48860K [0x00000000c1c00000, 0x0000000100000000)
  region size 1024K, 19 young (19456K), 1 survivors (1024K)
 Metaspace       used 22167K, committed 22400K, reserved 1073152K
  class space    used 2260K, committed 2368K, reserved 1048576K
}
Event: 19.689 GC heap after
{Heap after GC invocations=11 (full 0):
 garbage-first heap   total 65536K, used 31133K [0x00000000c1c00000, 0x0000000100000000)
  region size 1024K, 2 young (2048K), 2 survivors (2048K)
 Metaspace       used 22167K, committed 22400K, reserved 1073152K
  class space    used 2260K, committed 2368K, reserved 1048576K
}
Event: 20.417 GC heap before
{Heap before GC invocations=11 (full 0):
 garbage-first heap   total 65536K, used 48541K [0x00000000c1c00000, 0x0000000100000000)
  region size 1024K, 20 young (20480K), 2 survivors (2048K)
 Metaspace       used 22825K, committed 23040K, reserved 1073152K
  class space    used 2343K, committed 2432K, reserved 1048576K
}
Event: 20.427 GC heap after
{Heap after GC invocations=12 (full 0):
 garbage-first heap   total 78848K, used 32149K [0x00000000c1c00000, 0x0000000100000000)
  region size 1024K, 2 young (2048K), 2 survivors (2048K)
 Metaspace       used 22825K, committed 23040K, reserved 1073152K
  class space    used 2343K, committed 2432K, reserved 1048576K
}
Event: 22.175 GC heap before
{Heap before GC invocations=13 (full 0):
 garbage-first heap   total 78848K, used 60821K [0x00000000c1c00000, 0x0000000100000000)
  region size 1024K, 30 young (30720K), 2 survivors (2048K)
 Metaspace       used 24137K, committed 24320K, reserved 1073152K
  class space    used 2541K, committed 2624K, reserved 1048576K
}
Event: 22.194 GC heap after
{Heap after GC invocations=14 (full 0):
 garbage-first heap   total 78848K, used 35600K [0x00000000c1c00000, 0x0000000100000000)
  region size 1024K, 4 young (4096K), 4 survivors (4096K)
 Metaspace       used 24137K, committed 24320K, reserved 1073152K
  class space    used 2541K, committed 2624K, reserved 1048576K
}
Event: 23.592 GC heap before
{Heap before GC invocations=14 (full 0):
 garbage-first heap   total 78848K, used 61200K [0x00000000c1c00000, 0x0000000100000000)
  region size 1024K, 29 young (29696K), 4 survivors (4096K)
 Metaspace       used 25250K, committed 25408K, reserved 1073152K
  class space    used 2680K, committed 2752K, reserved 1048576K
}
Event: 23.613 GC heap after
{Heap after GC invocations=15 (full 0):
 garbage-first heap   total 78848K, used 38826K [0x00000000c1c00000, 0x0000000100000000)
  region size 1024K, 3 young (3072K), 3 survivors (3072K)
 Metaspace       used 25250K, committed 25408K, reserved 1073152K
  class space    used 2680K, committed 2752K, reserved 1048576K
}
Event: 25.623 GC heap before
{Heap before GC invocations=15 (full 0):
 garbage-first heap   total 78848K, used 62378K [0x00000000c1c00000, 0x0000000100000000)
  region size 1024K, 26 young (26624K), 3 survivors (3072K)
 Metaspace       used 26425K, committed 26688K, reserved 1073152K
  class space    used 2824K, committed 2944K, reserved 1048576K
}
Event: 25.641 GC heap after
{Heap after GC invocations=16 (full 0):
 garbage-first heap   total 78848K, used 41897K [0x00000000c1c00000, 0x0000000100000000)
  region size 1024K, 4 young (4096K), 4 survivors (4096K)
 Metaspace       used 26425K, committed 26688K, reserved 1073152K
  class space    used 2824K, committed 2944K, reserved 1048576K
}
Event: 26.760 GC heap before
{Heap before GC invocations=17 (full 0):
 garbage-first heap   total 78848K, used 61353K [0x00000000c1c00000, 0x0000000100000000)
  region size 1024K, 23 young (23552K), 4 survivors (4096K)
 Metaspace       used 27406K, committed 27648K, reserved 1081344K
  class space    used 2952K, committed 3072K, reserved 1048576K
}
Event: 26.777 GC heap after
{Heap after GC invocations=18 (full 0):
 garbage-first heap   total 78848K, used 43813K [0x00000000c1c00000, 0x0000000100000000)
  region size 1024K, 3 young (3072K), 3 survivors (3072K)
 Metaspace       used 27406K, committed 27648K, reserved 1081344K
  class space    used 2952K, committed 3072K, reserved 1048576K
}
Event: 26.805 GC heap before
{Heap before GC invocations=18 (full 0):
 garbage-first heap   total 78848K, used 44837K [0x00000000c1c00000, 0x0000000100000000)
  region size 1024K, 4 young (4096K), 3 survivors (3072K)
 Metaspace       used 27432K, committed 27648K, reserved 1081344K
  class space    used 2952K, committed 3072K, reserved 1048576K
}
Event: 26.815 GC heap after
{Heap after GC invocations=19 (full 0):
 garbage-first heap   total 78848K, used 44246K [0x00000000c1c00000, 0x0000000100000000)
  region size 1024K, 1 young (1024K), 1 survivors (1024K)
 Metaspace       used 27432K, committed 27648K, reserved 1081344K
  class space    used 2952K, committed 3072K, reserved 1048576K
}
Event: 27.485 GC heap before
{Heap before GC invocations=19 (full 0):
 garbage-first heap   total 78848K, used 62678K [0x00000000c1c00000, 0x0000000100000000)
  region size 1024K, 19 young (19456K), 1 survivors (1024K)
 Metaspace       used 28504K, committed 28736K, reserved 1081344K
  class space    used 3085K, committed 3200K, reserved 1048576K
}
Event: 27.495 GC heap after
{Heap after GC invocations=20 (full 0):
 garbage-first heap   total 149504K, used 45166K [0x00000000c1c00000, 0x0000000100000000)
  region size 1024K, 2 young (2048K), 2 survivors (2048K)
 Metaspace       used 28504K, committed 28736K, reserved 1081344K
  class space    used 3085K, committed 3200K, reserved 1048576K
}
Event: 41.007 GC heap before
{Heap before GC invocations=21 (full 0):
 garbage-first heap   total 149504K, used 120942K [0x00000000c1c00000, 0x0000000100000000)
  region size 1024K, 71 young (72704K), 2 survivors (2048K)
 Metaspace       used 32872K, committed 33152K, reserved 1081344K
  class space    used 3716K, committed 3840K, reserved 1048576K
}
Event: 41.027 GC heap after
{Heap after GC invocations=22 (full 0):
 garbage-first heap   total 149504K, used 56087K [0x00000000c1c00000, 0x0000000100000000)
  region size 1024K, 8 young (8192K), 8 survivors (8192K)
 Metaspace       used 32872K, committed 33152K, reserved 1081344K
  class space    used 3716K, committed 3840K, reserved 1048576K
}
Event: 41.048 GC heap before
{Heap before GC invocations=22 (full 0):
 garbage-first heap   total 149504K, used 57111K [0x00000000c1c00000, 0x0000000100000000)
  region size 1024K, 9 young (9216K), 8 survivors (8192K)
 Metaspace       used 32907K, committed 33152K, reserved 1081344K
  class space    used 3721K, committed 3840K, reserved 1048576K
}
Event: 41.065 GC heap after
{Heap after GC invocations=23 (full 0):
 garbage-first heap   total 149504K, used 56417K [0x00000000c1c00000, 0x0000000100000000)
  region size 1024K, 1 young (1024K), 1 survivors (1024K)
 Metaspace       used 32907K, committed 33152K, reserved 1081344K
  class space    used 3721K, committed 3840K, reserved 1048576K
}

Deoptimization events (20 events):
Event: 41.364 Thread 0x0000029e598af330 DEOPT PACKING pc=0x0000029e6a69fbac sp=0x000000f884afc9f0
Event: 41.364 Thread 0x0000029e598af330 DEOPT UNPACKING pc=0x0000029e629423a3 sp=0x000000f884afc970 mode 2
Event: 41.449 Thread 0x0000029e598af330 DEOPT PACKING pc=0x0000029e6302ed52 sp=0x000000f884af97b0
Event: 41.449 Thread 0x0000029e598af330 DEOPT UNPACKING pc=0x0000029e62942b43 sp=0x000000f884af8da8 mode 0
Event: 41.686 Thread 0x0000029e598af330 Uncommon trap: trap_request=0xffffff45 fr.pc=0x0000029e6a5af9b8 relative=0x0000000000000218
Event: 41.686 Thread 0x0000029e598af330 Uncommon trap: reason=unstable_if action=reinterpret pc=0x0000029e6a5af9b8 method=java.lang.String.getChars(II[CI)V @ 23 c2
Event: 41.686 Thread 0x0000029e598af330 DEOPT PACKING pc=0x0000029e6a5af9b8 sp=0x000000f884afca80
Event: 41.686 Thread 0x0000029e598af330 DEOPT UNPACKING pc=0x0000029e629423a3 sp=0x000000f884afca40 mode 2
Event: 42.080 Thread 0x0000029e7c663fa0 Uncommon trap: trap_request=0xffffffc6 fr.pc=0x0000029e6a4af5c0 relative=0x0000000000000a20
Event: 42.080 Thread 0x0000029e7c663fa0 Uncommon trap: reason=bimorphic_or_optimized_type_check action=maybe_recompile pc=0x0000029e6a4af5c0 method=java.util.HashMap.putVal(ILjava/lang/Object;Ljava/lang/Object;ZZ)Ljava/lang/Object; @ 91 c2
Event: 42.080 Thread 0x0000029e7c663fa0 DEOPT PACKING pc=0x0000029e6a4af5c0 sp=0x000000f886ffed10
Event: 42.080 Thread 0x0000029e7c663fa0 DEOPT UNPACKING pc=0x0000029e629423a3 sp=0x000000f886ffecb0 mode 2
Event: 42.081 Thread 0x0000029e7c663fa0 Uncommon trap: trap_request=0xffffffc6 fr.pc=0x0000029e6a4af5c0 relative=0x0000000000000a20
Event: 42.081 Thread 0x0000029e7c663fa0 Uncommon trap: reason=bimorphic_or_optimized_type_check action=maybe_recompile pc=0x0000029e6a4af5c0 method=java.util.HashMap.putVal(ILjava/lang/Object;Ljava/lang/Object;ZZ)Ljava/lang/Object; @ 91 c2
Event: 42.081 Thread 0x0000029e7c663fa0 DEOPT PACKING pc=0x0000029e6a4af5c0 sp=0x000000f886ffed10
Event: 42.081 Thread 0x0000029e7c663fa0 DEOPT UNPACKING pc=0x0000029e629423a3 sp=0x000000f886ffecb0 mode 2
Event: 42.083 Thread 0x0000029e598af330 Uncommon trap: trap_request=0xffffffde fr.pc=0x0000029e6a69fbac relative=0x000000000000010c
Event: 42.083 Thread 0x0000029e598af330 Uncommon trap: reason=class_check action=maybe_recompile pc=0x0000029e6a69fbac method=org.openqa.selenium.json.Input.fill()Z @ 85 c2
Event: 42.083 Thread 0x0000029e598af330 DEOPT PACKING pc=0x0000029e6a69fbac sp=0x000000f884afcd90
Event: 42.084 Thread 0x0000029e598af330 DEOPT UNPACKING pc=0x0000029e629423a3 sp=0x000000f884afcd10 mode 2

Classes unloaded (0 events):
No events

Classes redefined (0 events):
No events

Internal exceptions (20 events):
Event: 28.750 Thread 0x0000029e789b83a0 Exception <a 'java/net/ConnectException'{0x00000000ca2ae100}: Connection refused: no further information> (0x00000000ca2ae100) 
thrown [t:\workspace\open\src\hotspot\share\prims\jni.cpp, line 535]
Event: 28.750 Thread 0x0000029e789b83a0 Exception <a 'java/net/SocketException'{0x00000000ca2ae438}: Socket is not connected: shutdown> (0x00000000ca2ae438) 
thrown [t:\workspace\open\src\hotspot\share\prims\jni.cpp, line 535]
Event: 28.921 Thread 0x0000029e789b83a0 Exception <a 'java/net/ConnectException'{0x00000000ca2af3d0}: Connection refused: no further information> (0x00000000ca2af3d0) 
thrown [t:\workspace\open\src\hotspot\share\prims\jni.cpp, line 535]
Event: 28.922 Thread 0x0000029e789b83a0 Exception <a 'java/net/SocketException'{0x00000000ca2af708}: Socket is not connected: shutdown> (0x00000000ca2af708) 
thrown [t:\workspace\open\src\hotspot\share\prims\jni.cpp, line 535]
Event: 29.274 Thread 0x0000029e789b83a0 Exception <a 'java/net/ConnectException'{0x00000000ca2b06a0}: Connection refused: no further information> (0x00000000ca2b06a0) 
thrown [t:\workspace\open\src\hotspot\share\prims\jni.cpp, line 535]
Event: 29.282 Thread 0x0000029e789b83a0 Exception <a 'java/net/SocketException'{0x00000000ca2b09d8}: Socket is not connected: shutdown> (0x00000000ca2b09d8) 
thrown [t:\workspace\open\src\hotspot\share\prims\jni.cpp, line 535]
Event: 29.632 Thread 0x0000029e789b83a0 Exception <a 'java/net/ConnectException'{0x00000000ca2b1970}: Connection refused: no further information> (0x00000000ca2b1970) 
thrown [t:\workspace\open\src\hotspot\share\prims\jni.cpp, line 535]
Event: 29.632 Thread 0x0000029e789b83a0 Exception <a 'java/net/SocketException'{0x00000000ca2b1ca8}: Socket is not connected: shutdown> (0x00000000ca2b1ca8) 
thrown [t:\workspace\open\src\hotspot\share\prims\jni.cpp, line 535]
Event: 30.105 Thread 0x0000029e598af330 Exception <a 'java/lang/NoSuchMethodError'{0x00000000c9f9c3a8}: 'int java.lang.invoke.DirectMethodHandle$Holder.invokeVirtual(java.lang.Object, java.lang.Object)'> (0x00000000c9f9c3a8) 
thrown [t:\workspace\open\src\hotspot\share\interpreter\linkResolver.cpp, line 766]
Event: 30.112 Thread 0x0000029e598af330 Exception <a 'java/lang/NoSuchMethodError'{0x00000000c9fa2b38}: 'double java.lang.invoke.DirectMethodHandle$Holder.invokeVirtual(java.lang.Object, java.lang.Object)'> (0x00000000c9fa2b38) 
thrown [t:\workspace\open\src\hotspot\share\interpreter\linkResolver.cpp, line 766]
Event: 30.114 Thread 0x0000029e598af330 Exception <a 'java/lang/NoSuchMethodError'{0x00000000c9fa9588}: 'float java.lang.invoke.DirectMethodHandle$Holder.invokeVirtual(java.lang.Object, java.lang.Object)'> (0x00000000c9fa9588) 
thrown [t:\workspace\open\src\hotspot\share\interpreter\linkResolver.cpp, line 766]
Event: 30.119 Thread 0x0000029e598af330 Exception <a 'java/lang/NoSuchMethodError'{0x00000000c9fb28c8}: 'long java.lang.invoke.DirectMethodHandle$Holder.invokeVirtual(java.lang.Object, java.lang.Object)'> (0x00000000c9fb28c8) 
thrown [t:\workspace\open\src\hotspot\share\interpreter\linkResolver.cpp, line 766]
Event: 30.272 Thread 0x0000029e598af330 Exception <a 'java/lang/NoSuchMethodError'{0x00000000c9beff88}: 'void java.lang.invoke.DirectMethodHandle$Holder.invokeSpecial(java.lang.Object, java.lang.Object, java.lang.Object, java.lang.Object, java.lang.Object)'> (0x00000000c9beff88) 
thrown [t:\workspace\open\src\hotspot\share\interpreter\linkResolver.cpp, line 766]
Event: 30.279 Thread 0x0000029e598af330 Exception <a 'java/lang/NoSuchMethodError'{0x00000000c9bf70d0}: 'void java.lang.invoke.DirectMethodHandle$Holder.invokeStatic(java.lang.Object, java.lang.Object, int)'> (0x00000000c9bf70d0) 
thrown [t:\workspace\open\src\hotspot\share\interpreter\linkResolver.cpp, line 766]
Event: 30.504 Thread 0x0000029e598af330 Exception <a 'java/lang/NoSuchMethodError'{0x00000000c9437ed8}: 'int java.lang.invoke.DirectMethodHandle$Holder.invokeSpecialIFC(java.lang.Object, java.lang.Object, java.lang.Object)'> (0x00000000c9437ed8) 
thrown [t:\workspace\open\src\hotspot\share\interpreter\linkResolver.cpp, line 766]
Event: 30.709 Thread 0x0000029e598af330 Exception <a 'java/lang/NoSuchMethodError'{0x00000000c91c8580}: 'void java.lang.invoke.DirectMethodHandle$Holder.invokeStatic(java.lang.Object, java.lang.Object, java.lang.Object, java.lang.Object)'> (0x00000000c91c8580) 
thrown [t:\workspace\open\src\hotspot\share\interpreter\linkResolver.cpp, line 766]
Event: 41.374 Thread 0x0000029e598af330 Exception <a 'java/lang/NoSuchMethodError'{0x00000000ca4ed188}: 'java.lang.Object java.lang.invoke.DirectMethodHandle$Holder.invokeSpecialIFC(java.lang.Object, java.lang.Object, java.lang.Object)'> (0x00000000ca4ed188) 
thrown [t:\workspace\open\src\hotspot\share\interpreter\linkResolver.cpp, line 766]
Event: 41.440 Thread 0x0000029e598af330 Exception <a 'java/lang/NoSuchMethodError'{0x00000000ca33eac8}: 'void java.lang.invoke.DirectMethodHandle$Holder.invokeSpecial(java.lang.Object, java.lang.Object, java.lang.Object)'> (0x00000000ca33eac8) 
thrown [t:\workspace\open\src\hotspot\share\interpreter\linkResolver.cpp, line 766]
Event: 41.678 Thread 0x0000029e598af330 Exception <a 'java/lang/ClassNotFoundException'{0x00000000ca2300a8}: sun/util/logging/resources/spi/loggingProvider> (0x00000000ca2300a8) 
thrown [t:\workspace\open\src\hotspot\share\classfile\systemDictionary.cpp, line 256]
Event: 42.221 Thread 0x0000029e598af330 Exception <a 'java/lang/reflect/InvocationTargetException'{0x00000000c9ad7310}> (0x00000000c9ad7310) 
thrown [t:\workspace\open\src\hotspot\share\runtime\reflection.cpp, line 1121]

VM Operations (20 events):
Event: 30.027 Executing VM operation: HandshakeAllThreads
Event: 30.027 Executing VM operation: HandshakeAllThreads done
Event: 30.032 Executing VM operation: HandshakeAllThreads
Event: 30.032 Executing VM operation: HandshakeAllThreads done
Event: 31.027 Executing VM operation: Cleanup
Event: 31.027 Executing VM operation: Cleanup done
Event: 32.035 Executing VM operation: Cleanup
Event: 32.035 Executing VM operation: Cleanup done
Event: 32.238 Executing VM operation: HandshakeAllThreads
Event: 32.239 Executing VM operation: HandshakeAllThreads done
Event: 33.241 Executing VM operation: Cleanup
Event: 33.241 Executing VM operation: Cleanup done
Event: 41.007 Executing VM operation: G1CollectForAllocation
Event: 41.028 Executing VM operation: G1CollectForAllocation done
Event: 41.048 Executing VM operation: G1CollectForAllocation
Event: 41.065 Executing VM operation: G1CollectForAllocation done
Event: 42.226 Executing VM operation: HandshakeAllThreads
Event: 42.227 Executing VM operation: HandshakeAllThreads done
Event: 42.227 Executing VM operation: Cleanup
Event: 42.227 Executing VM operation: Cleanup done

Events (20 events):
Event: 42.011 Thread 0x0000029e7c663fa0 Thread added: 0x0000029e7c663fa0
Event: 42.106 loading class java/util/concurrent/locks/ReentrantReadWriteLock$FairSync
Event: 42.112 loading class java/util/concurrent/locks/ReentrantReadWriteLock$FairSync done
Event: 42.161 loading class java/util/Base64
Event: 42.162 loading class java/util/Base64 done
Event: 42.162 loading class java/util/Base64$Encoder
Event: 42.163 loading class java/util/Base64$Encoder done
Event: 42.165 Thread 0x0000029e7c664940 Thread added: 0x0000029e7c664940
Event: 42.174 loading class java/util/concurrent/CompletableFuture$UniExceptionally
Event: 42.174 loading class java/util/concurrent/CompletableFuture$UniCompletion
Event: 42.175 loading class java/util/concurrent/CompletableFuture$UniCompletion done
Event: 42.175 loading class java/util/concurrent/CompletableFuture$UniExceptionally done
Event: 42.214 loading class java/lang/Throwable$WrappedPrintWriter
Event: 42.214 loading class java/lang/Throwable$PrintStreamOrWriter
Event: 42.214 loading class java/lang/Throwable$PrintStreamOrWriter done
Event: 42.214 loading class java/lang/Throwable$WrappedPrintWriter done
Event: 42.215 loading class java/lang/StackTraceElement$HashedModules
Event: 42.215 loading class java/lang/StackTraceElement$HashedModules done
Event: 42.239 loading class java/util/concurrent/ConcurrentHashMap$EntrySpliterator
Event: 42.239 loading class java/util/concurrent/ConcurrentHashMap$EntrySpliterator done


Dynamic libraries:
0x00007ff6ddb80000 - 0x00007ff6ddb90000 	C:\Program Files\Java\jdk-17.0.2\bin\java.exe
0x00007ffe852f0000 - 0x00007ffe854e8000 	C:\Windows\SYSTEM32\ntdll.dll
0x00007ffe85110000 - 0x00007ffe851cd000 	C:\Windows\System32\KERNEL32.DLL
0x00007ffe82a50000 - 0x00007ffe82d1e000 	C:\Windows\System32\KERNELBASE.dll
0x00007ffe82d50000 - 0x00007ffe82e50000 	C:\Windows\System32\ucrtbase.dll
0x00007ffe7bb20000 - 0x00007ffe7bb3a000 	C:\Program Files\Java\jdk-17.0.2\bin\VCRUNTIME140.dll
0x00007ffe7ad90000 - 0x00007ffe7ada8000 	C:\Program Files\Java\jdk-17.0.2\bin\jli.dll
0x00007ffe833c0000 - 0x00007ffe8346e000 	C:\Windows\System32\ADVAPI32.dll
0x00007ffe83320000 - 0x00007ffe833be000 	C:\Windows\System32\msvcrt.dll
0x00007ffe83a70000 - 0x00007ffe83b0c000 	C:\Windows\System32\sechost.dll
0x00007ffe83620000 - 0x00007ffe83745000 	C:\Windows\System32\RPCRT4.dll
0x00007ffe838c0000 - 0x00007ffe83a60000 	C:\Windows\System32\USER32.dll
0x00007ffe82d20000 - 0x00007ffe82d42000 	C:\Windows\System32\win32u.dll
0x00007ffe84ed0000 - 0x00007ffe84efa000 	C:\Windows\System32\GDI32.dll
0x00007ffe83210000 - 0x00007ffe8331b000 	C:\Windows\System32\gdi32full.dll
0x00007ffe74840000 - 0x00007ffe74ada000 	C:\Windows\WinSxS\amd64_microsoft.windows.common-controls_6595b64144ccf1df_6.0.19041.1110_none_60b5254171f9507e\COMCTL32.dll
0x00007ffe82e50000 - 0x00007ffe82eed000 	C:\Windows\System32\msvcp_win.dll
0x00007ffe781e0000 - 0x00007ffe781ea000 	C:\Windows\SYSTEM32\VERSION.dll
0x00007ffe835f0000 - 0x00007ffe83620000 	C:\Windows\System32\IMM32.DLL
0x00007ffe7d0c0000 - 0x00007ffe7d0cc000 	C:\Program Files\Java\jdk-17.0.2\bin\vcruntime140_1.dll
0x00007ffe775c0000 - 0x00007ffe7764d000 	C:\Program Files\Java\jdk-17.0.2\bin\msvcp140.dll
0x00007ffe53300000 - 0x00007ffe53ec1000 	C:\Program Files\Java\jdk-17.0.2\bin\server\jvm.dll
0x00007ffe83b10000 - 0x00007ffe83b18000 	C:\Windows\System32\PSAPI.DLL
0x00007ffe697a0000 - 0x00007ffe697a9000 	C:\Windows\SYSTEM32\WSOCK32.dll
0x00007ffe83470000 - 0x00007ffe834db000 	C:\Windows\System32\WS2_32.dll
0x00007ffe80080000 - 0x00007ffe800a7000 	C:\Windows\SYSTEM32\WINMM.dll
0x00007ffe808a0000 - 0x00007ffe808b2000 	C:\Windows\SYSTEM32\kernel.appcore.dll
0x00007ffe7c7e0000 - 0x00007ffe7c7ea000 	C:\Program Files\Java\jdk-17.0.2\bin\jimage.dll
0x00007ffe6ff70000 - 0x00007ffe70154000 	C:\Windows\SYSTEM32\DBGHELP.DLL
0x00007ffe6fb70000 - 0x00007ffe6fb9c000 	C:\Windows\SYSTEM32\dbgcore.DLL
0x00007ffe82ef0000 - 0x00007ffe82f72000 	C:\Windows\System32\bcryptPrimitives.dll
0x00007ffe781d0000 - 0x00007ffe781de000 	C:\Program Files\Java\jdk-17.0.2\bin\instrument.dll
0x00007ffe7a660000 - 0x00007ffe7a685000 	C:\Program Files\Java\jdk-17.0.2\bin\java.dll
0x00007ffe5fe80000 - 0x00007ffe5ff56000 	C:\Program Files\Java\jdk-17.0.2\bin\jsvml.dll
0x00007ffe83b20000 - 0x00007ffe84264000 	C:\Windows\System32\SHELL32.dll
0x00007ffe80aa0000 - 0x00007ffe81234000 	C:\Windows\SYSTEM32\windows.storage.dll
0x00007ffe84510000 - 0x00007ffe84864000 	C:\Windows\System32\combase.dll
0x00007ffe82370000 - 0x00007ffe823a0000 	C:\Windows\SYSTEM32\Wldp.dll
0x00007ffe83540000 - 0x00007ffe835ed000 	C:\Windows\System32\SHCORE.dll
0x00007ffe834e0000 - 0x00007ffe83535000 	C:\Windows\System32\shlwapi.dll
0x00007ffe82920000 - 0x00007ffe8293f000 	C:\Windows\SYSTEM32\profapi.dll
0x00007ffe77870000 - 0x00007ffe77888000 	C:\Program Files\Java\jdk-17.0.2\bin\zip.dll
0x00007ffe7ab20000 - 0x00007ffe7ab39000 	C:\Program Files\Java\jdk-17.0.2\bin\net.dll
0x00007ffe75a90000 - 0x00007ffe75b9a000 	C:\Windows\SYSTEM32\WINHTTP.dll
0x00007ffe82090000 - 0x00007ffe820fa000 	C:\Windows\system32\mswsock.dll
0x00007ffe77ed0000 - 0x00007ffe77ee6000 	C:\Program Files\Java\jdk-17.0.2\bin\nio.dll
0x00007ffe77780000 - 0x00007ffe7779a000 	C:\Program Files\JetBrains\IntelliJ IDEA Community Edition 2021.3.1\bin\breakgen64.dll
0x00007ffe7c790000 - 0x00007ffe7c7a0000 	C:\Program Files\Java\jdk-17.0.2\bin\verify.dll
0x00007ffe7c700000 - 0x00007ffe7c709000 	C:\Program Files\Java\jdk-17.0.2\bin\management.dll
0x00007ffe7bb10000 - 0x00007ffe7bb1b000 	C:\Program Files\Java\jdk-17.0.2\bin\management_ext.dll
0x00007ffe78290000 - 0x00007ffe7829e000 	C:\Program Files\Java\jdk-17.0.2\bin\sunmscapi.dll
0x00007ffe82f80000 - 0x00007ffe830d6000 	C:\Windows\System32\CRYPT32.dll
0x00007ffe823e0000 - 0x00007ffe82407000 	C:\Windows\SYSTEM32\ncrypt.dll
0x00007ffe823a0000 - 0x00007ffe823db000 	C:\Windows\SYSTEM32\NTASN1.dll
0x00007ffe822a0000 - 0x00007ffe822b8000 	C:\Windows\SYSTEM32\CRYPTSP.dll
0x00007ffe81a10000 - 0x00007ffe81a44000 	C:\Windows\system32\rsaenh.dll
0x00007ffe831e0000 - 0x00007ffe83207000 	C:\Windows\System32\bcrypt.dll
0x00007ffe828e0000 - 0x00007ffe8290e000 	C:\Windows\SYSTEM32\USERENV.dll
0x00007ffe822c0000 - 0x00007ffe822cc000 	C:\Windows\SYSTEM32\CRYPTBASE.dll
0x00007ffe81d90000 - 0x00007ffe81dcb000 	C:\Windows\SYSTEM32\IPHLPAPI.DLL
0x00007ffe838b0000 - 0x00007ffe838b8000 	C:\Windows\System32\NSI.dll
0x00007ffe7a830000 - 0x00007ffe7a847000 	C:\Windows\SYSTEM32\dhcpcsvc6.DLL
0x00007ffe7a810000 - 0x00007ffe7a82d000 	C:\Windows\SYSTEM32\dhcpcsvc.DLL
0x00007ffe81dd0000 - 0x00007ffe81e9b000 	C:\Windows\SYSTEM32\DNSAPI.dll
0x00000000500a0000 - 0x00000000500c6000 	C:\Program Files\Bonjour\mdnsNSP.dll
0x00007ffe75330000 - 0x00007ffe7533a000 	C:\Windows\System32\rasadhlp.dll
0x00007ffe75600000 - 0x00007ffe75680000 	C:\Windows\System32\fwpuclnt.dll
0x00007ffe6ac50000 - 0x00007ffe6ac67000 	C:\Windows\system32\napinsp.dll
0x00007ffe6ac30000 - 0x00007ffe6ac4b000 	C:\Windows\system32\pnrpnsp.dll
0x00007ffe73360000 - 0x00007ffe73375000 	C:\Windows\system32\wshbth.dll
0x00007ffe7e380000 - 0x00007ffe7e39d000 	C:\Windows\system32\NLAapi.dll
0x00007ffe6ac10000 - 0x00007ffe6ac22000 	C:\Windows\System32\winrnr.dll
0x00007ffe77860000 - 0x00007ffe77867000 	C:\Windows\system32\wshunix.dll

dbghelp: loaded successfully - version: 4.0.5 - missing functions: none
symbol engine: initialized successfully - sym options: 0x614 - pdb path: .;C:\Program Files\Java\jdk-17.0.2\bin;C:\Windows\SYSTEM32;C:\Windows\WinSxS\amd64_microsoft.windows.common-controls_6595b64144ccf1df_6.0.19041.1110_none_60b5254171f9507e;C:\Program Files\Java\jdk-17.0.2\bin\server;C:\Program Files\JetBrains\IntelliJ IDEA Community Edition 2021.3.1\bin;C:\Program Files\Bonjour

VM Arguments:
jvm_args: -ea -Dallure.result.directory=target/allure-results -javaagent:C:\Users\elvin\.m2\repository/org/aspectj/aspectjweaver/1.9.7/aspectjweaver-1.9.7.jar -Didea.test.cyclic.buffer.size=1048576 -javaagent:C:\Program Files\JetBrains\IntelliJ IDEA Community Edition 2021.3.1\lib\idea_rt.jar=65211:C:\Program Files\JetBrains\IntelliJ IDEA Community Edition 2021.3.1\bin -Dfile.encoding=UTF-8 
java_command: com.intellij.rt.junit.JUnitStarter -ideVersion5 -junit4 tests.OrderCreditCardTest
java_class_path (initial): C:\Program Files\JetBrains\IntelliJ IDEA Community Edition 2021.3.1\lib\idea_rt.jar;C:\Program Files\JetBrains\IntelliJ IDEA Community Edition 2021.3.1\plugins\junit\lib\junit5-rt.jar;C:\Program Files\JetBrains\IntelliJ IDEA Community Edition 2021.3.1\plugins\junit\lib\junit-rt.jar;C:\Users\elvin\finalTask\target\test-classes;C:\Users\elvin\finalTask\target\classes;C:\Users\elvin\.m2\repository\junit\junit\4.13.2\junit-4.13.2.jar;C:\Users\elvin\.m2\repository\org\hamcrest\hamcrest-core\1.3\hamcrest-core-1.3.jar;C:\Users\elvin\.m2\repository\org\seleniumhq\selenium\selenium-java\4.2.2\selenium-java-4.2.2.jar;C:\Users\elvin\.m2\repository\org\seleniumhq\selenium\selenium-api\4.2.2\selenium-api-4.2.2.jar;C:\Users\elvin\.m2\repository\org\seleniumhq\selenium\selenium-chrome-driver\4.2.2\selenium-chrome-driver-4.2.2.jar;C:\Users\elvin\.m2\repository\com\google\auto\service\auto-service-annotations\1.0.1\auto-service-annotations-1.0.1.jar;C:\Users\elvin\.m2\repository\com\google\auto\service\auto-service\1.0.1\auto-service-1.0.1.jar;C:\Users\elvin\.m2\repository\com\google\auto\auto-common\1.2\auto-common-1.2.jar;C:\Users\elvin\.m2\repository\org\seleniumhq\selenium\selenium-chromium-driver\4.2.2\selenium-chromium-driver-4.2.2.jar;C:\Users\elvin\.m2\repository\org\seleniumhq\selenium\selenium-json\4.2.2\selenium-json-4.2.2.jar;C:\Users\elvin\.m2\repository\org\seleniumhq\selenium\selenium-devtools-v100\4.2.2\selenium-devtools-v100-4.2.2.jar;C:\Users\elvin\.m2\repository\org\seleniumhq\selenium\selenium-devtools-v101\4.2.2\selenium-devtools-v101-4.2.2.jar;C:\Users\elvin\.m2\repository\org\seleniumhq\selenium\selenium-devtools-v102\4.2.2\selenium-devtools-v102-4.2.2.jar;C:\Users\elvin\.m2\repository\org\seleniumhq\selenium\selenium-devtools-v85\4.2.2\selenium-devtools-v85-4.2.2.jar;C:\Users\elvin\.m2\repository\org\seleniumhq\selenium\selenium-edge-driver\4.2.2\selenium-edge-driver-4.2.2.jar;C:\Users\elvin\.m2\repository\org\seleniumhq\selenium\
Launcher Type: SUN_STANDARD

[Global flags]
     intx CICompilerCount                          = 3                                         {product} {ergonomic}
     uint ConcGCThreads                            = 1                                         {product} {ergonomic}
     uint G1ConcRefinementThreads                  = 4                                         {product} {ergonomic}
   size_t G1HeapRegionSize                         = 1048576                                   {product} {ergonomic}
    uintx GCDrainStackTargetSize                   = 64                                        {product} {ergonomic}
   size_t InitialHeapSize                          = 67108864                                  {product} {ergonomic}
   size_t MarkStackSize                            = 4194304                                   {product} {ergonomic}
   size_t MaxHeapSize                              = 1044381696                                {product} {ergonomic}
   size_t MaxNewSize                               = 625999872                                 {product} {ergonomic}
   size_t MinHeapDeltaBytes                        = 1048576                                   {product} {ergonomic}
   size_t MinHeapSize                              = 8388608                                   {product} {ergonomic}
    uintx NonNMethodCodeHeapSize                   = 5832780                                {pd product} {ergonomic}
    uintx NonProfiledCodeHeapSize                  = 122912730                              {pd product} {ergonomic}
    uintx ProfiledCodeHeapSize                     = 122912730                              {pd product} {ergonomic}
    uintx ReservedCodeCacheSize                    = 251658240                              {pd product} {ergonomic}
     bool SegmentedCodeCache                       = true                                      {product} {ergonomic}
   size_t SoftMaxHeapSize                          = 1044381696                             {manageable} {ergonomic}
     bool UseCompressedClassPointers               = true                           {product lp64_product} {ergonomic}
     bool UseCompressedOops                        = true                           {product lp64_product} {ergonomic}
     bool UseG1GC                                  = true                                      {product} {ergonomic}
     bool UseLargePagesIndividualAllocation        = false                                  {pd product} {ergonomic}

Logging:
Log output configuration:
 #0: stdout all=warning uptime,level,tags
 #1: stderr all=off uptime,level,tags

Environment Variables:
PATH=C:\Program Files\Common Files\Oracle\Java\javapath;C:\Program Files (x86)\Common Files\Oracle\Java\javapath;C:\Windows\system32;C:\Windows;C:\Windows\System32\Wbem;C:\Windows\System32\WindowsPowerShell\v1.0\;C:\Windows\System32\OpenSSH\;C:\Program Files\Git\cmd;C:\Program Files\Docker\Docker\resources\bin;C:\ProgramData\DockerDesktop\version-bin;C:\allure-2.18.1\bin;C:\Program Files\MySQL\MySQL Shell 8.0\bin\;C:\Users\elvin\AppData\Local\Microsoft\WindowsApps;C:\Users\elvin\AppData\Local\Programs\Microsoft VS Code\bin;C:\Users\elvin\AppData\Local\GitHubDesktop\bin;C:\Program Files\maven\bin;C:\allure-2.18.1\bin;
USERNAME=elvin
OS=Windows_NT
PROCESSOR_IDENTIFIER=Intel64 Family 6 Model 58 Stepping 9, GenuineIntel



---------------  S Y S T E M  ---------------

OS:
 Windows 10 , 64 bit Build 19041 (10.0.19041.1806)
OS uptime: 7 days 22:23 hours
Hyper-V role detected

CPU: total 4 (initial active 4) (2 cores per cpu, 2 threads per core) family 6 model 58 stepping 9 microcode 0x21, cx8, cmov, fxsr, ht, mmx, sse, sse2, sse3, ssse3, sse4.1, sse4.2, popcnt, tsc, tscinvbit, avx, erms, clmul, vzeroupper, clflush, hv

Memory: 4k page, system-wide physical 3981M (231M free)
TotalPageFile size 16269M (AvailPageFile size 5M)
current process WorkingSet (physical memory assigned to process): 283M, peak: 283M
current process commit charge ("private bytes"): 315M, peak: 322M

vm_info: Java HotSpot(TM) 64-Bit Server VM (17.0.2+8-LTS-86) for windows-amd64 JRE (17.0.2+8-LTS-86), built on Dec  7 2021 21:51:03 by "mach5one" with MS VC++ 16.8 / 16.9 (VS2019)

END.
